[3.251s] Invoking command in '/home/stefan/Desktop/ros2_ws/raspi_car': DEBUGINFOD_URLS=https://debuginfod.ubuntu.com PYTHONPATH=/home/stefan/Desktop/ros2_ws/build/raspi_car/prefix_override:/usr/lib/python3/dist-packages/colcon_core/task/python/colcon_distutils_commands:/home/stefan/Desktop/ros2_ws/install/raspi_car/lib/python3.12/site-packages:${PYTHONPATH} /usr/bin/python3 -W ignore:setup.py install is deprecated -W ignore:easy_install command is deprecated setup.py egg_info --egg-base ../build/raspi_car build --build-base /home/stefan/Desktop/ros2_ws/build/raspi_car/build install --record /home/stefan/Desktop/ros2_ws/build/raspi_car/install.log --single-version-externally-managed install_data
[3.950s] running egg_info
[4.034s] writing ../build/raspi_car/raspi_car.egg-info/PKG-INFO
[4.034s] writing dependency_links to ../build/raspi_car/raspi_car.egg-info/dependency_links.txt
[4.041s] writing entry points to ../build/raspi_car/raspi_car.egg-info/entry_points.txt
[4.041s] writing requirements to ../build/raspi_car/raspi_car.egg-info/requires.txt
[4.041s] writing top-level names to ../build/raspi_car/raspi_car.egg-info/top_level.txt
[4.178s] reading manifest file '../build/raspi_car/raspi_car.egg-info/SOURCES.txt'
[4.189s] writing manifest file '../build/raspi_car/raspi_car.egg-info/SOURCES.txt'
[4.189s] running build
[4.189s] running build_py
[4.191s] running install
[4.228s] running install_lib
[4.309s] running install_data
[4.311s] running install_egg_info
[4.362s] removing '/home/stefan/Desktop/ros2_ws/install/raspi_car/lib/python3.12/site-packages/raspi_car-0.0.0-py3.12.egg-info' (and everything under it)
[4.364s] Copying ../build/raspi_car/raspi_car.egg-info to /home/stefan/Desktop/ros2_ws/install/raspi_car/lib/python3.12/site-packages/raspi_car-0.0.0-py3.12.egg-info
[4.603s] running install_scripts
[5.106s] Installing motor_node script to /home/stefan/Desktop/ros2_ws/install/raspi_car/lib/raspi_car
[5.106s] writing list of installed files to '/home/stefan/Desktop/ros2_ws/build/raspi_car/install.log'
[5.347s] Invoked command in '/home/stefan/Desktop/ros2_ws/raspi_car' returned '0': DEBUGINFOD_URLS=https://debuginfod.ubuntu.com PYTHONPATH=/home/stefan/Desktop/ros2_ws/build/raspi_car/prefix_override:/usr/lib/python3/dist-packages/colcon_core/task/python/colcon_distutils_commands:/home/stefan/Desktop/ros2_ws/install/raspi_car/lib/python3.12/site-packages:${PYTHONPATH} /usr/bin/python3 -W ignore:setup.py install is deprecated -W ignore:easy_install command is deprecated setup.py egg_info --egg-base ../build/raspi_car build --build-base /home/stefan/Desktop/ros2_ws/build/raspi_car/build install --record /home/stefan/Desktop/ros2_ws/build/raspi_car/install.log --single-version-externally-managed install_data
