[2.312s] Invoking command in '/home/stefan/Desktop/ros2_ws/src/bno055': DEBUGINFOD_URLS=https://debuginfod.ubuntu.com PYTHONPATH=/home/stefan/Desktop/ros2_ws/build/bno055/prefix_override:/usr/lib/python3/dist-packages/colcon_core/task/python/colcon_distutils_commands:/home/stefan/Desktop/ros2_ws/install/bno055/lib/python3.12/site-packages:${PYTHONPATH} /usr/bin/python3 -W ignore:setup.py install is deprecated -W ignore:easy_install command is deprecated setup.py egg_info --egg-base ../../build/bno055 build --build-base /home/stefan/Desktop/ros2_ws/build/bno055/build install --record /home/stefan/Desktop/ros2_ws/build/bno055/install.log --single-version-externally-managed install_data
[2.706s] running egg_info
[2.733s] writing ../../build/bno055/bno055.egg-info/PKG-INFO
[2.734s] writing dependency_links to ../../build/bno055/bno055.egg-info/dependency_links.txt
[2.743s] writing entry points to ../../build/bno055/bno055.egg-info/entry_points.txt
[2.744s] writing requirements to ../../build/bno055/bno055.egg-info/requires.txt
[2.748s] writing top-level names to ../../build/bno055/bno055.egg-info/top_level.txt
[2.797s] reading manifest file '../../build/bno055/bno055.egg-info/SOURCES.txt'
[2.797s] adding license file 'LICENSE'
[2.797s] adding license file 'AUTHORS'
[2.799s] writing manifest file '../../build/bno055/bno055.egg-info/SOURCES.txt'
[2.799s] running build
[2.799s] running build_py
[2.799s] copying bno055/bno055_logger.py -> /home/stefan/Desktop/ros2_ws/build/bno055/build/lib/bno055
[2.801s] running install
[2.808s] running install_lib
[2.837s] copying /home/stefan/Desktop/ros2_ws/build/bno055/build/lib/bno055/bno055_logger.py -> /home/stefan/Desktop/ros2_ws/install/bno055/lib/python3.12/site-packages/bno055
[2.837s] byte-compiling /home/stefan/Desktop/ros2_ws/install/bno055/lib/python3.12/site-packages/bno055/bno055_logger.py to bno055_logger.cpython-312.pyc
[2.838s] running install_data
[2.841s] running install_egg_info
[2.866s] removing '/home/stefan/Desktop/ros2_ws/install/bno055/lib/python3.12/site-packages/bno055-0.5.0-py3.12.egg-info' (and everything under it)
[2.867s] Copying ../../build/bno055/bno055.egg-info to /home/stefan/Desktop/ros2_ws/install/bno055/lib/python3.12/site-packages/bno055-0.5.0-py3.12.egg-info
[2.868s] running install_scripts
[3.064s] Installing bno055 script to /home/stefan/Desktop/ros2_ws/install/bno055/lib/bno055
[3.066s] Installing bno055_logger script to /home/stefan/Desktop/ros2_ws/install/bno055/lib/bno055
[3.066s] writing list of installed files to '/home/stefan/Desktop/ros2_ws/build/bno055/install.log'
[3.194s] Invoked command in '/home/stefan/Desktop/ros2_ws/src/bno055' returned '0': DEBUGINFOD_URLS=https://debuginfod.ubuntu.com PYTHONPATH=/home/stefan/Desktop/ros2_ws/build/bno055/prefix_override:/usr/lib/python3/dist-packages/colcon_core/task/python/colcon_distutils_commands:/home/stefan/Desktop/ros2_ws/install/bno055/lib/python3.12/site-packages:${PYTHONPATH} /usr/bin/python3 -W ignore:setup.py install is deprecated -W ignore:easy_install command is deprecated setup.py egg_info --egg-base ../../build/bno055 build --build-base /home/stefan/Desktop/ros2_ws/build/bno055/build install --record /home/stefan/Desktop/ros2_ws/build/bno055/install.log --single-version-externally-managed install_data
