[2.794s] Invoking command in '/home/stefan/Desktop/ros2_ws/src/bno055': DEBUGINFOD_URLS=https://debuginfod.ubuntu.com PYTHONPATH=/home/stefan/Desktop/ros2_ws/build/bno055/prefix_override:/usr/lib/python3/dist-packages/colcon_core/task/python/colcon_distutils_commands:/home/stefan/Desktop/ros2_ws/install/bno055/lib/python3.12/site-packages:${PYTHONPATH} /usr/bin/python3 -W ignore:setup.py install is deprecated -W ignore:easy_install command is deprecated setup.py egg_info --egg-base ../../build/bno055 build --build-base /home/stefan/Desktop/ros2_ws/build/bno055/build install --record /home/stefan/Desktop/ros2_ws/build/bno055/install.log --single-version-externally-managed install_data
[3.250s] running egg_info
[3.271s] writing ../../build/bno055/bno055.egg-info/PKG-INFO
[3.271s] writing dependency_links to ../../build/bno055/bno055.egg-info/dependency_links.txt
[3.271s] writing entry points to ../../build/bno055/bno055.egg-info/entry_points.txt
[3.272s] writing requirements to ../../build/bno055/bno055.egg-info/requires.txt
[3.272s] writing top-level names to ../../build/bno055/bno055.egg-info/top_level.txt
[3.319s] reading manifest file '../../build/bno055/bno055.egg-info/SOURCES.txt'
[3.322s] adding license file 'LICENSE'
[3.323s] adding license file 'AUTHORS'
[3.323s] writing manifest file '../../build/bno055/bno055.egg-info/SOURCES.txt'
[3.324s] running build
[3.324s] running build_py
[3.325s] running install
[3.333s] running install_lib
[3.357s] running install_data
[3.357s] running install_egg_info
[3.381s] removing '/home/stefan/Desktop/ros2_ws/install/bno055/lib/python3.12/site-packages/bno055-0.5.0-py3.12.egg-info' (and everything under it)
[3.381s] Copying ../../build/bno055/bno055.egg-info to /home/stefan/Desktop/ros2_ws/install/bno055/lib/python3.12/site-packages/bno055-0.5.0-py3.12.egg-info
[3.385s] running install_scripts
[3.558s] Installing bno055 script to /home/stefan/Desktop/ros2_ws/install/bno055/lib/bno055
[3.559s] writing list of installed files to '/home/stefan/Desktop/ros2_ws/build/bno055/install.log'
[3.715s] Invoked command in '/home/stefan/Desktop/ros2_ws/src/bno055' returned '0': DEBUGINFOD_URLS=https://debuginfod.ubuntu.com PYTHONPATH=/home/stefan/Desktop/ros2_ws/build/bno055/prefix_override:/usr/lib/python3/dist-packages/colcon_core/task/python/colcon_distutils_commands:/home/stefan/Desktop/ros2_ws/install/bno055/lib/python3.12/site-packages:${PYTHONPATH} /usr/bin/python3 -W ignore:setup.py install is deprecated -W ignore:easy_install command is deprecated setup.py egg_info --egg-base ../../build/bno055 build --build-base /home/stefan/Desktop/ros2_ws/build/bno055/build install --record /home/stefan/Desktop/ros2_ws/build/bno055/install.log --single-version-externally-managed install_data
