[0.141s] DEBUG:colcon:Command line arguments: ['/usr/bin/colcon', 'build']
[0.141s] DEBUG:colcon:Parsed command line arguments: Namespace(log_base=None, log_level=None, verb_name='build', build_base='build', install_base='install', merge_install=False, symlink_install=False, test_result_base=None, continue_on_error=False, executor='parallel', parallel_workers=4, event_handlers=None, ignore_user_meta=False, metas=['./colcon.meta'], base_paths=['.'], packages_ignore=None, packages_ignore_regex=None, paths=None, packages_up_to=None, packages_up_to_regex=None, packages_above=None, packages_above_and_dependencies=None, packages_above_depth=None, packages_select_by_dep=None, packages_skip_by_dep=None, packages_skip_up_to=None, packages_select_build_failed=False, packages_skip_build_finished=False, packages_select_test_failures=False, packages_skip_test_passed=False, packages_select=None, packages_skip=None, packages_select_regex=None, packages_skip_regex=None, packages_start=None, packages_end=None, cmake_args=None, cmake_target=None, cmake_target_skip_unavailable=False, cmake_clean_cache=False, cmake_clean_first=False, cmake_force_configure=False, ament_cmake_args=None, catkin_cmake_args=None, catkin_skip_building_tests=False, verb_parser=<colcon_defaults.argument_parser.defaults.DefaultArgumentsDecorator object at 0xffffba5bc170>, verb_extension=<colcon_core.verb.build.BuildVerb object at 0xffffba79c2f0>, main=<bound method BuildVerb.main of <colcon_core.verb.build.BuildVerb object at 0xffffba79c2f0>>)
[0.204s] Level 1:colcon.colcon_core.package_discovery:discover_packages(colcon_meta) check parameters
[0.204s] Level 1:colcon.colcon_core.package_discovery:discover_packages(recursive) check parameters
[0.204s] Level 1:colcon.colcon_core.package_discovery:discover_packages(ignore) check parameters
[0.204s] Level 1:colcon.colcon_core.package_discovery:discover_packages(path) check parameters
[0.204s] Level 1:colcon.colcon_core.package_discovery:discover_packages(colcon_meta) discover
[0.204s] Level 1:colcon.colcon_core.package_discovery:discover_packages(recursive) discover
[0.204s] INFO:colcon.colcon_core.package_discovery:Crawling recursively for packages in '/home/stefan/Desktop/ros2_ws/src/hello_pubsub'
[0.205s] Level 1:colcon.colcon_core.package_identification:_identify(.) by extensions ['ignore', 'ignore_ament_install']
[0.205s] Level 1:colcon.colcon_core.package_identification:_identify(.) by extension 'ignore'
[0.205s] Level 1:colcon.colcon_core.package_identification:_identify(.) by extension 'ignore_ament_install'
[0.205s] Level 1:colcon.colcon_core.package_identification:_identify(.) by extensions ['colcon_pkg']
[0.205s] Level 1:colcon.colcon_core.package_identification:_identify(.) by extension 'colcon_pkg'
[0.205s] Level 1:colcon.colcon_core.package_identification:_identify(.) by extensions ['colcon_meta']
[0.205s] Level 1:colcon.colcon_core.package_identification:_identify(.) by extension 'colcon_meta'
[0.205s] Level 1:colcon.colcon_core.package_identification:_identify(.) by extensions ['ros']
[0.205s] Level 1:colcon.colcon_core.package_identification:_identify(.) by extension 'ros'
[0.247s] DEBUG:colcon.colcon_core.package_identification:Package '.' with type 'ros.ament_python' and name 'hello_pubsub'
[0.247s] Level 1:colcon.colcon_core.package_discovery:discover_packages(recursive) using defaults
[0.247s] Level 1:colcon.colcon_core.package_discovery:discover_packages(ignore) discover
[0.247s] Level 1:colcon.colcon_core.package_discovery:discover_packages(ignore) using defaults
[0.247s] Level 1:colcon.colcon_core.package_discovery:discover_packages(path) discover
[0.247s] Level 1:colcon.colcon_core.package_discovery:discover_packages(path) using defaults
[0.276s] Level 5:colcon.colcon_core.verb:set package 'hello_pubsub' build argument 'cmake_args' from command line to 'None'
[0.276s] Level 5:colcon.colcon_core.verb:set package 'hello_pubsub' build argument 'cmake_target' from command line to 'None'
[0.276s] Level 5:colcon.colcon_core.verb:set package 'hello_pubsub' build argument 'cmake_target_skip_unavailable' from command line to 'False'
[0.276s] Level 5:colcon.colcon_core.verb:set package 'hello_pubsub' build argument 'cmake_clean_cache' from command line to 'False'
[0.276s] Level 5:colcon.colcon_core.verb:set package 'hello_pubsub' build argument 'cmake_clean_first' from command line to 'False'
[0.276s] Level 5:colcon.colcon_core.verb:set package 'hello_pubsub' build argument 'cmake_force_configure' from command line to 'False'
[0.276s] Level 5:colcon.colcon_core.verb:set package 'hello_pubsub' build argument 'ament_cmake_args' from command line to 'None'
[0.276s] Level 5:colcon.colcon_core.verb:set package 'hello_pubsub' build argument 'catkin_cmake_args' from command line to 'None'
[0.276s] Level 5:colcon.colcon_core.verb:set package 'hello_pubsub' build argument 'catkin_skip_building_tests' from command line to 'False'
[0.276s] DEBUG:colcon.colcon_core.verb:Building package 'hello_pubsub' with the following arguments: {'ament_cmake_args': None, 'build_base': '/home/stefan/Desktop/ros2_ws/src/hello_pubsub/build/hello_pubsub', 'catkin_cmake_args': None, 'catkin_skip_building_tests': False, 'cmake_args': None, 'cmake_clean_cache': False, 'cmake_clean_first': False, 'cmake_force_configure': False, 'cmake_target': None, 'cmake_target_skip_unavailable': False, 'install_base': '/home/stefan/Desktop/ros2_ws/src/hello_pubsub/install/hello_pubsub', 'merge_install': False, 'path': '/home/stefan/Desktop/ros2_ws/src/hello_pubsub', 'symlink_install': False, 'test_result_base': None}
[0.276s] INFO:colcon.colcon_core.executor:Executing jobs using 'parallel' executor
[0.278s] DEBUG:colcon.colcon_parallel_executor.executor.parallel:run_until_complete
[0.278s] INFO:colcon.colcon_ros.task.ament_python.build:Building ROS package in '/home/stefan/Desktop/ros2_ws/src/hello_pubsub' with build type 'ament_python'
[0.279s] Level 1:colcon.colcon_core.shell:create_environment_hook('hello_pubsub', 'ament_prefix_path')
[0.285s] INFO:colcon.colcon_core.plugin_system:Skipping extension 'colcon_core.shell.bat': Not used on non-Windows systems
[0.285s] INFO:colcon.colcon_core.shell:Creating environment descriptor '/home/stefan/Desktop/ros2_ws/src/hello_pubsub/install/hello_pubsub/share/hello_pubsub/hook/ament_prefix_path.dsv'
[0.287s] INFO:colcon.colcon_core.shell:Creating environment hook '/home/stefan/Desktop/ros2_ws/src/hello_pubsub/install/hello_pubsub/share/hello_pubsub/hook/ament_prefix_path.sh'
[0.290s] DEBUG:colcon.colcon_core.shell:Skip shell extension 'dsv' for command environment
[0.618s] INFO:colcon.colcon_core.task.python.build:Building Python package in '/home/stefan/Desktop/ros2_ws/src/hello_pubsub'
[0.619s] DEBUG:colcon.colcon_core.shell:Skip shell extension 'dsv' for command environment
[1.453s] DEBUG:colcon.colcon_core.event_handler.log_command:Invoking command in '/home/stefan/Desktop/ros2_ws/src/hello_pubsub': DEBUGINFOD_URLS=https://debuginfod.ubuntu.com PYTHONPATH=/home/stefan/Desktop/ros2_ws/src/hello_pubsub/build/hello_pubsub/prefix_override:/usr/lib/python3/dist-packages/colcon_core/task/python/colcon_distutils_commands:/home/stefan/Desktop/ros2_ws/src/hello_pubsub/install/hello_pubsub/lib/python3.12/site-packages:${PYTHONPATH} /usr/bin/python3 -W ignore:setup.py install is deprecated -W ignore:easy_install command is deprecated setup.py egg_info --egg-base build/hello_pubsub build --build-base /home/stefan/Desktop/ros2_ws/src/hello_pubsub/build/hello_pubsub/build install --record /home/stefan/Desktop/ros2_ws/src/hello_pubsub/build/hello_pubsub/install.log --single-version-externally-managed install_data
[2.216s] DEBUG:colcon.colcon_core.event_handler.log_command:Invoked command in '/home/stefan/Desktop/ros2_ws/src/hello_pubsub' returned '0': DEBUGINFOD_URLS=https://debuginfod.ubuntu.com PYTHONPATH=/home/stefan/Desktop/ros2_ws/src/hello_pubsub/build/hello_pubsub/prefix_override:/usr/lib/python3/dist-packages/colcon_core/task/python/colcon_distutils_commands:/home/stefan/Desktop/ros2_ws/src/hello_pubsub/install/hello_pubsub/lib/python3.12/site-packages:${PYTHONPATH} /usr/bin/python3 -W ignore:setup.py install is deprecated -W ignore:easy_install command is deprecated setup.py egg_info --egg-base build/hello_pubsub build --build-base /home/stefan/Desktop/ros2_ws/src/hello_pubsub/build/hello_pubsub/build install --record /home/stefan/Desktop/ros2_ws/src/hello_pubsub/build/hello_pubsub/install.log --single-version-externally-managed install_data
[2.219s] Level 1:colcon.colcon_core.environment:checking '/home/stefan/Desktop/ros2_ws/src/hello_pubsub/install/hello_pubsub' for CMake module files
[2.219s] Level 1:colcon.colcon_core.environment:checking '/home/stefan/Desktop/ros2_ws/src/hello_pubsub/install/hello_pubsub' for CMake config files
[2.220s] Level 1:colcon.colcon_core.environment:checking '/home/stefan/Desktop/ros2_ws/src/hello_pubsub/install/hello_pubsub/lib'
[2.220s] Level 1:colcon.colcon_core.environment:checking '/home/stefan/Desktop/ros2_ws/src/hello_pubsub/install/hello_pubsub/bin'
[2.220s] Level 1:colcon.colcon_core.environment:checking '/home/stefan/Desktop/ros2_ws/src/hello_pubsub/install/hello_pubsub/lib/pkgconfig/hello_pubsub.pc'
[2.221s] Level 1:colcon.colcon_core.environment:checking '/home/stefan/Desktop/ros2_ws/src/hello_pubsub/install/hello_pubsub/lib/python3.12/site-packages'
[2.221s] Level 1:colcon.colcon_core.shell:create_environment_hook('hello_pubsub', 'pythonpath')
[2.221s] INFO:colcon.colcon_core.shell:Creating environment descriptor '/home/stefan/Desktop/ros2_ws/src/hello_pubsub/install/hello_pubsub/share/hello_pubsub/hook/pythonpath.dsv'
[2.222s] INFO:colcon.colcon_core.shell:Creating environment hook '/home/stefan/Desktop/ros2_ws/src/hello_pubsub/install/hello_pubsub/share/hello_pubsub/hook/pythonpath.sh'
[2.225s] Level 1:colcon.colcon_core.environment:checking '/home/stefan/Desktop/ros2_ws/src/hello_pubsub/install/hello_pubsub/bin'
[2.225s] Level 1:colcon.colcon_core.environment:create_environment_scripts_only(hello_pubsub)
[2.226s] INFO:colcon.colcon_core.shell:Creating package descriptor '/home/stefan/Desktop/ros2_ws/src/hello_pubsub/install/hello_pubsub/share/hello_pubsub/package.dsv'
[2.226s] INFO:colcon.colcon_core.shell:Creating package script '/home/stefan/Desktop/ros2_ws/src/hello_pubsub/install/hello_pubsub/share/hello_pubsub/package.sh'
[2.227s] INFO:colcon.colcon_core.shell:Creating package script '/home/stefan/Desktop/ros2_ws/src/hello_pubsub/install/hello_pubsub/share/hello_pubsub/package.bash'
[2.228s] INFO:colcon.colcon_core.shell:Creating package script '/home/stefan/Desktop/ros2_ws/src/hello_pubsub/install/hello_pubsub/share/hello_pubsub/package.zsh'
[2.229s] Level 1:colcon.colcon_core.environment:create_file_with_runtime_dependencies(/home/stefan/Desktop/ros2_ws/src/hello_pubsub/install/hello_pubsub/share/colcon-core/packages/hello_pubsub)
[2.229s] DEBUG:colcon.colcon_parallel_executor.executor.parallel:closing loop
[2.230s] DEBUG:colcon.colcon_parallel_executor.executor.parallel:loop closed
[2.230s] DEBUG:colcon.colcon_parallel_executor.executor.parallel:run_until_complete finished with '0'
[2.230s] DEBUG:colcon.colcon_core.event_reactor:joining thread
[2.243s] INFO:colcon.colcon_core.plugin_system:Skipping extension 'colcon_notification.desktop_notification.terminal_notifier': Not used on non-Darwin systems
[2.243s] INFO:colcon.colcon_core.plugin_system:Skipping extension 'colcon_notification.desktop_notification.win32': Not used on non-Windows systems
[2.244s] INFO:colcon.colcon_notification.desktop_notification:Sending desktop notification using 'notify2'
[2.268s] DEBUG:colcon.colcon_core.event_reactor:joined thread
[2.269s] INFO:colcon.colcon_core.shell:Creating prefix script '/home/stefan/Desktop/ros2_ws/src/hello_pubsub/install/local_setup.sh'
[2.270s] INFO:colcon.colcon_core.shell:Creating prefix util module '/home/stefan/Desktop/ros2_ws/src/hello_pubsub/install/_local_setup_util_sh.py'
[2.273s] INFO:colcon.colcon_core.shell:Creating prefix chain script '/home/stefan/Desktop/ros2_ws/src/hello_pubsub/install/setup.sh'
[2.276s] INFO:colcon.colcon_core.shell:Creating prefix script '/home/stefan/Desktop/ros2_ws/src/hello_pubsub/install/local_setup.bash'
[2.277s] INFO:colcon.colcon_core.shell:Creating prefix chain script '/home/stefan/Desktop/ros2_ws/src/hello_pubsub/install/setup.bash'
[2.278s] INFO:colcon.colcon_core.shell:Creating prefix script '/home/stefan/Desktop/ros2_ws/src/hello_pubsub/install/local_setup.zsh'
[2.279s] INFO:colcon.colcon_core.shell:Creating prefix chain script '/home/stefan/Desktop/ros2_ws/src/hello_pubsub/install/setup.zsh'
