[2.829s] Invoking command in '/home/stefan/Desktop/ros2_ws/raspi_car': DEBUGINFOD_URLS=https://debuginfod.ubuntu.com PYTHONPATH=/home/stefan/Desktop/ros2_ws/build/raspi_car/prefix_override:/usr/lib/python3/dist-packages/colcon_core/task/python/colcon_distutils_commands:/home/stefan/Desktop/ros2_ws/install/raspi_car/lib/python3.12/site-packages:${PYTHONPATH} /usr/bin/python3 -W ignore:setup.py install is deprecated -W ignore:easy_install command is deprecated setup.py egg_info --egg-base ../build/raspi_car build --build-base /home/stefan/Desktop/ros2_ws/build/raspi_car/build install --record /home/stefan/Desktop/ros2_ws/build/raspi_car/install.log --single-version-externally-managed install_data
[3.260s] running egg_info
[3.282s] writing ../build/raspi_car/raspi_car.egg-info/PKG-INFO
[3.288s] writing dependency_links to ../build/raspi_car/raspi_car.egg-info/dependency_links.txt
[3.288s] writing entry points to ../build/raspi_car/raspi_car.egg-info/entry_points.txt
[3.288s] writing requirements to ../build/raspi_car/raspi_car.egg-info/requires.txt
[3.288s] writing top-level names to ../build/raspi_car/raspi_car.egg-info/top_level.txt
[3.354s] reading manifest file '../build/raspi_car/raspi_car.egg-info/SOURCES.txt'
[3.358s] writing manifest file '../build/raspi_car/raspi_car.egg-info/SOURCES.txt'
[3.360s] running build
[3.361s] running build_py
[3.361s] running install
[3.380s] running install_lib
[3.435s] running install_data
[3.435s] running install_egg_info
[3.467s] removing '/home/stefan/Desktop/ros2_ws/install/raspi_car/lib/python3.12/site-packages/raspi_car-0.0.0-py3.12.egg-info' (and everything under it)
[3.468s] Copying ../build/raspi_car/raspi_car.egg-info to /home/stefan/Desktop/ros2_ws/install/raspi_car/lib/python3.12/site-packages/raspi_car-0.0.0-py3.12.egg-info
[3.478s] running install_scripts
[3.730s] Installing led_control script to /home/stefan/Desktop/ros2_ws/install/raspi_car/lib/raspi_car
[3.730s] Installing led_service script to /home/stefan/Desktop/ros2_ws/install/raspi_car/lib/raspi_car
[3.730s] Installing motor_node script to /home/stefan/Desktop/ros2_ws/install/raspi_car/lib/raspi_car
[3.731s] writing list of installed files to '/home/stefan/Desktop/ros2_ws/build/raspi_car/install.log'
[4.025s] Invoked command in '/home/stefan/Desktop/ros2_ws/raspi_car' returned '0': DEBUGINFOD_URLS=https://debuginfod.ubuntu.com PYTHONPATH=/home/stefan/Desktop/ros2_ws/build/raspi_car/prefix_override:/usr/lib/python3/dist-packages/colcon_core/task/python/colcon_distutils_commands:/home/stefan/Desktop/ros2_ws/install/raspi_car/lib/python3.12/site-packages:${PYTHONPATH} /usr/bin/python3 -W ignore:setup.py install is deprecated -W ignore:easy_install command is deprecated setup.py egg_info --egg-base ../build/raspi_car build --build-base /home/stefan/Desktop/ros2_ws/build/raspi_car/build install --record /home/stefan/Desktop/ros2_ws/build/raspi_car/install.log --single-version-externally-managed install_data
