[1.682s] Invoking command in '/home/stefan/Desktop/ros2_ws/src/bno055': DEBUGINFOD_URLS=https://debuginfod.ubuntu.com PYTHONPATH=/home/stefan/Desktop/ros2_ws/src/build/bno055/prefix_override:/usr/lib/python3/dist-packages/colcon_core/task/python/colcon_distutils_commands:/home/stefan/Desktop/ros2_ws/src/install/bno055/lib/python3.12/site-packages:${PYTHONPATH} /usr/bin/python3 -W ignore:setup.py install is deprecated -W ignore:easy_install command is deprecated setup.py egg_info --egg-base ../build/bno055 build --build-base /home/stefan/Desktop/ros2_ws/src/build/bno055/build install --record /home/stefan/Desktop/ros2_ws/src/build/bno055/install.log --single-version-externally-managed install_data
[2.198s] running egg_info
[2.199s] creating ../build/bno055/bno055.egg-info
[2.223s] writing ../build/bno055/bno055.egg-info/PKG-INFO
[2.224s] writing dependency_links to ../build/bno055/bno055.egg-info/dependency_links.txt
[2.225s] writing entry points to ../build/bno055/bno055.egg-info/entry_points.txt
[2.225s] writing requirements to ../build/bno055/bno055.egg-info/requires.txt
[2.226s] writing top-level names to ../build/bno055/bno055.egg-info/top_level.txt
[2.226s] writing manifest file '../build/bno055/bno055.egg-info/SOURCES.txt'
[2.335s] reading manifest file '../build/bno055/bno055.egg-info/SOURCES.txt'
[2.335s] adding license file 'LICENSE'
[2.335s] adding license file 'AUTHORS'
[2.336s] writing manifest file '../build/bno055/bno055.egg-info/SOURCES.txt'
[2.336s] running build
[2.336s] running build_py
[2.336s] creating /home/stefan/Desktop/ros2_ws/src/build/bno055/build
[2.336s] creating /home/stefan/Desktop/ros2_ws/src/build/bno055/build/lib
[2.336s] creating /home/stefan/Desktop/ros2_ws/src/build/bno055/build/lib/bno055
[2.337s] copying bno055/__init__.py -> /home/stefan/Desktop/ros2_ws/src/build/bno055/build/lib/bno055
[2.337s] copying bno055/bno055.py -> /home/stefan/Desktop/ros2_ws/src/build/bno055/build/lib/bno055
[2.337s] copying bno055/registers.py -> /home/stefan/Desktop/ros2_ws/src/build/bno055/build/lib/bno055
[2.337s] creating /home/stefan/Desktop/ros2_ws/src/build/bno055/build/lib/bno055/sensor
[2.337s] copying bno055/sensor/SensorService.py -> /home/stefan/Desktop/ros2_ws/src/build/bno055/build/lib/bno055/sensor
[2.338s] copying bno055/sensor/__init__.py -> /home/stefan/Desktop/ros2_ws/src/build/bno055/build/lib/bno055/sensor
[2.338s] creating /home/stefan/Desktop/ros2_ws/src/build/bno055/build/lib/bno055/error_handling
[2.338s] copying bno055/error_handling/exceptions.py -> /home/stefan/Desktop/ros2_ws/src/build/bno055/build/lib/bno055/error_handling
[2.338s] copying bno055/error_handling/__init__.py -> /home/stefan/Desktop/ros2_ws/src/build/bno055/build/lib/bno055/error_handling
[2.338s] creating /home/stefan/Desktop/ros2_ws/src/build/bno055/build/lib/bno055/connectors
[2.338s] copying bno055/connectors/i2c.py -> /home/stefan/Desktop/ros2_ws/src/build/bno055/build/lib/bno055/connectors
[2.338s] copying bno055/connectors/uart.py -> /home/stefan/Desktop/ros2_ws/src/build/bno055/build/lib/bno055/connectors
[2.339s] copying bno055/connectors/__init__.py -> /home/stefan/Desktop/ros2_ws/src/build/bno055/build/lib/bno055/connectors
[2.339s] copying bno055/connectors/Connector.py -> /home/stefan/Desktop/ros2_ws/src/build/bno055/build/lib/bno055/connectors
[2.339s] creating /home/stefan/Desktop/ros2_ws/src/build/bno055/build/lib/bno055/params
[2.339s] copying bno055/params/__init__.py -> /home/stefan/Desktop/ros2_ws/src/build/bno055/build/lib/bno055/params
[2.339s] copying bno055/params/NodeParameters.py -> /home/stefan/Desktop/ros2_ws/src/build/bno055/build/lib/bno055/params
[2.340s] running install
[2.348s] running install_lib
[2.368s] creating /home/stefan/Desktop/ros2_ws/src/install/bno055/lib/python3.12/site-packages/bno055
[2.369s] creating /home/stefan/Desktop/ros2_ws/src/install/bno055/lib/python3.12/site-packages/bno055/sensor
[2.369s] copying /home/stefan/Desktop/ros2_ws/src/build/bno055/build/lib/bno055/sensor/SensorService.py -> /home/stefan/Desktop/ros2_ws/src/install/bno055/lib/python3.12/site-packages/bno055/sensor
[2.369s] copying /home/stefan/Desktop/ros2_ws/src/build/bno055/build/lib/bno055/sensor/__init__.py -> /home/stefan/Desktop/ros2_ws/src/install/bno055/lib/python3.12/site-packages/bno055/sensor
[2.369s] creating /home/stefan/Desktop/ros2_ws/src/install/bno055/lib/python3.12/site-packages/bno055/error_handling
[2.369s] copying /home/stefan/Desktop/ros2_ws/src/build/bno055/build/lib/bno055/error_handling/exceptions.py -> /home/stefan/Desktop/ros2_ws/src/install/bno055/lib/python3.12/site-packages/bno055/error_handling
[2.369s] copying /home/stefan/Desktop/ros2_ws/src/build/bno055/build/lib/bno055/error_handling/__init__.py -> /home/stefan/Desktop/ros2_ws/src/install/bno055/lib/python3.12/site-packages/bno055/error_handling
[2.370s] creating /home/stefan/Desktop/ros2_ws/src/install/bno055/lib/python3.12/site-packages/bno055/connectors
[2.370s] copying /home/stefan/Desktop/ros2_ws/src/build/bno055/build/lib/bno055/connectors/i2c.py -> /home/stefan/Desktop/ros2_ws/src/install/bno055/lib/python3.12/site-packages/bno055/connectors
[2.370s] copying /home/stefan/Desktop/ros2_ws/src/build/bno055/build/lib/bno055/connectors/uart.py -> /home/stefan/Desktop/ros2_ws/src/install/bno055/lib/python3.12/site-packages/bno055/connectors
[2.370s] copying /home/stefan/Desktop/ros2_ws/src/build/bno055/build/lib/bno055/connectors/__init__.py -> /home/stefan/Desktop/ros2_ws/src/install/bno055/lib/python3.12/site-packages/bno055/connectors
[2.370s] copying /home/stefan/Desktop/ros2_ws/src/build/bno055/build/lib/bno055/connectors/Connector.py -> /home/stefan/Desktop/ros2_ws/src/install/bno055/lib/python3.12/site-packages/bno055/connectors
[2.370s] creating /home/stefan/Desktop/ros2_ws/src/install/bno055/lib/python3.12/site-packages/bno055/params
[2.370s] copying /home/stefan/Desktop/ros2_ws/src/build/bno055/build/lib/bno055/params/__init__.py -> /home/stefan/Desktop/ros2_ws/src/install/bno055/lib/python3.12/site-packages/bno055/params
[2.370s] copying /home/stefan/Desktop/ros2_ws/src/build/bno055/build/lib/bno055/params/NodeParameters.py -> /home/stefan/Desktop/ros2_ws/src/install/bno055/lib/python3.12/site-packages/bno055/params
[2.371s] copying /home/stefan/Desktop/ros2_ws/src/build/bno055/build/lib/bno055/__init__.py -> /home/stefan/Desktop/ros2_ws/src/install/bno055/lib/python3.12/site-packages/bno055
[2.371s] copying /home/stefan/Desktop/ros2_ws/src/build/bno055/build/lib/bno055/registers.py -> /home/stefan/Desktop/ros2_ws/src/install/bno055/lib/python3.12/site-packages/bno055
[2.371s] copying /home/stefan/Desktop/ros2_ws/src/build/bno055/build/lib/bno055/bno055.py -> /home/stefan/Desktop/ros2_ws/src/install/bno055/lib/python3.12/site-packages/bno055
[2.372s] byte-compiling /home/stefan/Desktop/ros2_ws/src/install/bno055/lib/python3.12/site-packages/bno055/sensor/SensorService.py to SensorService.cpython-312.pyc
[2.376s] byte-compiling /home/stefan/Desktop/ros2_ws/src/install/bno055/lib/python3.12/site-packages/bno055/sensor/__init__.py to __init__.cpython-312.pyc
[2.377s] byte-compiling /home/stefan/Desktop/ros2_ws/src/install/bno055/lib/python3.12/site-packages/bno055/error_handling/exceptions.py to exceptions.cpython-312.pyc
[2.377s] byte-compiling /home/stefan/Desktop/ros2_ws/src/install/bno055/lib/python3.12/site-packages/bno055/error_handling/__init__.py to __init__.cpython-312.pyc
[2.377s] byte-compiling /home/stefan/Desktop/ros2_ws/src/install/bno055/lib/python3.12/site-packages/bno055/connectors/i2c.py to i2c.cpython-312.pyc
[2.378s] byte-compiling /home/stefan/Desktop/ros2_ws/src/install/bno055/lib/python3.12/site-packages/bno055/connectors/uart.py to uart.cpython-312.pyc
[2.379s] byte-compiling /home/stefan/Desktop/ros2_ws/src/install/bno055/lib/python3.12/site-packages/bno055/connectors/__init__.py to __init__.cpython-312.pyc
[2.379s] byte-compiling /home/stefan/Desktop/ros2_ws/src/install/bno055/lib/python3.12/site-packages/bno055/connectors/Connector.py to Connector.cpython-312.pyc
[2.379s] byte-compiling /home/stefan/Desktop/ros2_ws/src/install/bno055/lib/python3.12/site-packages/bno055/params/__init__.py to __init__.cpython-312.pyc
[2.380s] byte-compiling /home/stefan/Desktop/ros2_ws/src/install/bno055/lib/python3.12/site-packages/bno055/params/NodeParameters.py to NodeParameters.cpython-312.pyc
[2.381s] byte-compiling /home/stefan/Desktop/ros2_ws/src/install/bno055/lib/python3.12/site-packages/bno055/__init__.py to __init__.cpython-312.pyc
[2.381s] byte-compiling /home/stefan/Desktop/ros2_ws/src/install/bno055/lib/python3.12/site-packages/bno055/registers.py to registers.cpython-312.pyc
[2.382s] byte-compiling /home/stefan/Desktop/ros2_ws/src/install/bno055/lib/python3.12/site-packages/bno055/bno055.py to bno055.cpython-312.pyc
[2.383s] running install_data
[2.384s] creating /home/stefan/Desktop/ros2_ws/src/install/bno055/share/ament_index
[2.384s] creating /home/stefan/Desktop/ros2_ws/src/install/bno055/share/ament_index/resource_index
[2.384s] creating /home/stefan/Desktop/ros2_ws/src/install/bno055/share/ament_index/resource_index/packages
[2.384s] copying resource/bno055 -> /home/stefan/Desktop/ros2_ws/src/install/bno055/share/ament_index/resource_index/packages
[2.384s] copying package.xml -> /home/stefan/Desktop/ros2_ws/src/install/bno055/share/bno055
[2.384s] creating /home/stefan/Desktop/ros2_ws/src/install/bno055/share/bno055/launch
[2.384s] copying launch/bno055.launch.py -> /home/stefan/Desktop/ros2_ws/src/install/bno055/share/bno055/launch
[2.384s] creating /home/stefan/Desktop/ros2_ws/src/install/bno055/share/bno055/config
[2.385s] copying bno055/params/bno055_params.yaml -> /home/stefan/Desktop/ros2_ws/src/install/bno055/share/bno055/config
[2.385s] copying bno055/params/bno055_params_test.yaml -> /home/stefan/Desktop/ros2_ws/src/install/bno055/share/bno055/config
[2.385s] copying bno055/params/bno055_params_i2c.yaml -> /home/stefan/Desktop/ros2_ws/src/install/bno055/share/bno055/config
[2.385s] running install_egg_info
[2.408s] Copying ../build/bno055/bno055.egg-info to /home/stefan/Desktop/ros2_ws/src/install/bno055/lib/python3.12/site-packages/bno055-0.5.0-py3.12.egg-info
[2.409s] running install_scripts
[2.638s] Installing bno055 script to /home/stefan/Desktop/ros2_ws/src/install/bno055/lib/bno055
[2.640s] writing list of installed files to '/home/stefan/Desktop/ros2_ws/src/build/bno055/install.log'
[2.760s] Invoked command in '/home/stefan/Desktop/ros2_ws/src/bno055' returned '0': DEBUGINFOD_URLS=https://debuginfod.ubuntu.com PYTHONPATH=/home/stefan/Desktop/ros2_ws/src/build/bno055/prefix_override:/usr/lib/python3/dist-packages/colcon_core/task/python/colcon_distutils_commands:/home/stefan/Desktop/ros2_ws/src/install/bno055/lib/python3.12/site-packages:${PYTHONPATH} /usr/bin/python3 -W ignore:setup.py install is deprecated -W ignore:easy_install command is deprecated setup.py egg_info --egg-base ../build/bno055 build --build-base /home/stefan/Desktop/ros2_ws/src/build/bno055/build install --record /home/stefan/Desktop/ros2_ws/src/build/bno055/install.log --single-version-externally-managed install_data
