[2.091s] Invoking command in '/home/stefan/Desktop/ros2_ws/src/bno055': DEBUGINFOD_URLS=https://debuginfod.ubuntu.com PYTHONPATH=/home/stefan/Desktop/ros2_ws/src/build/bno055/prefix_override:/usr/lib/python3/dist-packages/colcon_core/task/python/colcon_distutils_commands:/home/stefan/Desktop/ros2_ws/src/install/bno055/lib/python3.12/site-packages:${PYTHONPATH} /usr/bin/python3 -W ignore:setup.py install is deprecated -W ignore:easy_install command is deprecated setup.py egg_info --egg-base ../build/bno055 build --build-base /home/stefan/Desktop/ros2_ws/src/build/bno055/build install --record /home/stefan/Desktop/ros2_ws/src/build/bno055/install.log --single-version-externally-managed install_data
[2.611s] running egg_info
[2.664s] writing ../build/bno055/bno055.egg-info/PKG-INFO
[2.664s] writing dependency_links to ../build/bno055/bno055.egg-info/dependency_links.txt
[2.667s] writing entry points to ../build/bno055/bno055.egg-info/entry_points.txt
[2.668s] writing requirements to ../build/bno055/bno055.egg-info/requires.txt
[2.668s] writing top-level names to ../build/bno055/bno055.egg-info/top_level.txt
[2.737s] reading manifest file '../build/bno055/bno055.egg-info/SOURCES.txt'
[2.745s] adding license file 'LICENSE'
[2.745s] adding license file 'AUTHORS'
[2.745s] writing manifest file '../build/bno055/bno055.egg-info/SOURCES.txt'
[2.745s] running build
[2.745s] running build_py
[2.747s] running install
[2.758s] running install_lib
[2.816s] running install_data
[2.816s] copying bno055/params/bno055_params.yaml -> /home/stefan/Desktop/ros2_ws/src/install/bno055/share/bno055/config
[2.817s] running install_egg_info
[2.873s] removing '/home/stefan/Desktop/ros2_ws/src/install/bno055/lib/python3.12/site-packages/bno055-0.5.0-py3.12.egg-info' (and everything under it)
[2.876s] Copying ../build/bno055/bno055.egg-info to /home/stefan/Desktop/ros2_ws/src/install/bno055/lib/python3.12/site-packages/bno055-0.5.0-py3.12.egg-info
[2.888s] running install_scripts
[3.131s] Installing bno055 script to /home/stefan/Desktop/ros2_ws/src/install/bno055/lib/bno055
[3.132s] writing list of installed files to '/home/stefan/Desktop/ros2_ws/src/build/bno055/install.log'
[3.304s] Invoked command in '/home/stefan/Desktop/ros2_ws/src/bno055' returned '0': DEBUGINFOD_URLS=https://debuginfod.ubuntu.com PYTHONPATH=/home/stefan/Desktop/ros2_ws/src/build/bno055/prefix_override:/usr/lib/python3/dist-packages/colcon_core/task/python/colcon_distutils_commands:/home/stefan/Desktop/ros2_ws/src/install/bno055/lib/python3.12/site-packages:${PYTHONPATH} /usr/bin/python3 -W ignore:setup.py install is deprecated -W ignore:easy_install command is deprecated setup.py egg_info --egg-base ../build/bno055 build --build-base /home/stefan/Desktop/ros2_ws/src/build/bno055/build install --record /home/stefan/Desktop/ros2_ws/src/build/bno055/install.log --single-version-externally-managed install_data
