running egg_info
writing ../build/raspi_car/raspi_car.egg-info/PKG-INFO
writing dependency_links to ../build/raspi_car/raspi_car.egg-info/dependency_links.txt
writing entry points to ../build/raspi_car/raspi_car.egg-info/entry_points.txt
writing requirements to ../build/raspi_car/raspi_car.egg-info/requires.txt
writing top-level names to ../build/raspi_car/raspi_car.egg-info/top_level.txt
reading manifest file '../build/raspi_car/raspi_car.egg-info/SOURCES.txt'
writing manifest file '../build/raspi_car/raspi_car.egg-info/SOURCES.txt'
running build
running build_py
copying raspi_car/motor_node.py -> /home/stefan/Desktop/~ros2_ws/build/raspi_car/build/lib/raspi_car
running install
running install_lib
copying /home/stefan/Desktop/~ros2_ws/build/raspi_car/build/lib/raspi_car/motor_node.py -> /home/stefan/Desktop/~ros2_ws/install/raspi_car/lib/python3.12/site-packages/raspi_car
byte-compiling /home/stefan/Desktop/~ros2_ws/install/raspi_car/lib/python3.12/site-packages/raspi_car/motor_node.py to motor_node.cpython-312.pyc
running install_data
running install_egg_info
removing '/home/stefan/Desktop/~ros2_ws/install/raspi_car/lib/python3.12/site-packages/raspi_car-0.0.0-py3.12.egg-info' (and everything under it)
Copying ../build/raspi_car/raspi_car.egg-info to /home/stefan/Desktop/~ros2_ws/install/raspi_car/lib/python3.12/site-packages/raspi_car-0.0.0-py3.12.egg-info
running install_scripts
Installing motor_node script to /home/stefan/Desktop/~ros2_ws/install/raspi_car/lib/raspi_car
writing list of installed files to '/home/stefan/Desktop/~ros2_ws/build/raspi_car/install.log'
