/home/stefan/Desktop/ros2_ws/install/raspi_car/lib/python3.12/site-packages/raspi_car/led_service.py
/home/stefan/Desktop/ros2_ws/install/raspi_car/lib/python3.12/site-packages/raspi_car/__init__.py
/home/stefan/Desktop/ros2_ws/install/raspi_car/lib/python3.12/site-packages/raspi_car/motor_node.py
/home/stefan/Desktop/ros2_ws/install/raspi_car/lib/python3.12/site-packages/raspi_car/led_control.py
/home/stefan/Desktop/ros2_ws/install/raspi_car/lib/python3.12/site-packages/raspi_car/motor_pid.py
/home/stefan/Desktop/ros2_ws/install/raspi_car/lib/python3.12/site-packages/raspi_car/__pycache__/led_service.cpython-312.pyc
/home/stefan/Desktop/ros2_ws/install/raspi_car/lib/python3.12/site-packages/raspi_car/__pycache__/__init__.cpython-312.pyc
/home/stefan/Desktop/ros2_ws/install/raspi_car/lib/python3.12/site-packages/raspi_car/__pycache__/motor_node.cpython-312.pyc
/home/stefan/Desktop/ros2_ws/install/raspi_car/lib/python3.12/site-packages/raspi_car/__pycache__/led_control.cpython-312.pyc
/home/stefan/Desktop/ros2_ws/install/raspi_car/lib/python3.12/site-packages/raspi_car/__pycache__/motor_pid.cpython-312.pyc
/home/stefan/Desktop/ros2_ws/install/raspi_car/share/ament_index/resource_index/packages/raspi_car
/home/stefan/Desktop/ros2_ws/install/raspi_car/share/raspi_car/package.xml
/home/stefan/Desktop/ros2_ws/install/raspi_car/lib/python3.12/site-packages/raspi_car-0.0.0-py3.12.egg-info/dependency_links.txt
/home/stefan/Desktop/ros2_ws/install/raspi_car/lib/python3.12/site-packages/raspi_car-0.0.0-py3.12.egg-info/zip-safe
/home/stefan/Desktop/ros2_ws/install/raspi_car/lib/python3.12/site-packages/raspi_car-0.0.0-py3.12.egg-info/top_level.txt
/home/stefan/Desktop/ros2_ws/install/raspi_car/lib/python3.12/site-packages/raspi_car-0.0.0-py3.12.egg-info/entry_points.txt
/home/stefan/Desktop/ros2_ws/install/raspi_car/lib/python3.12/site-packages/raspi_car-0.0.0-py3.12.egg-info/SOURCES.txt
/home/stefan/Desktop/ros2_ws/install/raspi_car/lib/python3.12/site-packages/raspi_car-0.0.0-py3.12.egg-info/PKG-INFO
/home/stefan/Desktop/ros2_ws/install/raspi_car/lib/python3.12/site-packages/raspi_car-0.0.0-py3.12.egg-info/requires.txt
/home/stefan/Desktop/ros2_ws/install/raspi_car/lib/raspi_car/led_control
/home/stefan/Desktop/ros2_ws/install/raspi_car/lib/raspi_car/led_service
/home/stefan/Desktop/ros2_ws/install/raspi_car/lib/raspi_car/motor_node
/home/stefan/Desktop/ros2_ws/install/raspi_car/lib/raspi_car/motor_pid
