[1.453s] Invoking command in '/home/stefan/Desktop/ros2_ws/src/hello_pubsub': DEBUGINFOD_URLS=https://debuginfod.ubuntu.com PYTHONPATH=/home/stefan/Desktop/ros2_ws/build/hello_pubsub/prefix_override:/usr/lib/python3/dist-packages/colcon_core/task/python/colcon_distutils_commands:/home/stefan/Desktop/ros2_ws/install/hello_pubsub/lib/python3.12/site-packages:${PYTHONPATH} /usr/bin/python3 -W ignore:setup.py install is deprecated -W ignore:easy_install command is deprecated setup.py egg_info --egg-base ../../build/hello_pubsub build --build-base /home/stefan/Desktop/ros2_ws/build/hello_pubsub/build install --record /home/stefan/Desktop/ros2_ws/build/hello_pubsub/install.log --single-version-externally-managed
[1.761s] running egg_info
[1.781s] writing ../../build/hello_pubsub/hello_pubsub.egg-info/PKG-INFO
[1.782s] writing dependency_links to ../../build/hello_pubsub/hello_pubsub.egg-info/dependency_links.txt
[1.788s] writing entry points to ../../build/hello_pubsub/hello_pubsub.egg-info/entry_points.txt
[1.791s] writing requirements to ../../build/hello_pubsub/hello_pubsub.egg-info/requires.txt
[1.794s] writing top-level names to ../../build/hello_pubsub/hello_pubsub.egg-info/top_level.txt
[1.837s] reading manifest file '../../build/hello_pubsub/hello_pubsub.egg-info/SOURCES.txt'
[1.841s] writing manifest file '../../build/hello_pubsub/hello_pubsub.egg-info/SOURCES.txt'
[1.842s] running build
[1.842s] running build_py
[1.842s] running install
[1.852s] running install_lib
[1.879s] running install_egg_info
[1.901s] removing '/home/stefan/Desktop/ros2_ws/install/hello_pubsub/lib/python3.12/site-packages/hello_pubsub-0.0.0-py3.12.egg-info' (and everything under it)
[1.902s] Copying ../../build/hello_pubsub/hello_pubsub.egg-info to /home/stefan/Desktop/ros2_ws/install/hello_pubsub/lib/python3.12/site-packages/hello_pubsub-0.0.0-py3.12.egg-info
[1.903s] running install_scripts
[2.087s] Installing hello_publisher script to /home/stefan/Desktop/ros2_ws/install/hello_pubsub/lib/hello_pubsub
[2.087s] Installing hello_subscriber script to /home/stefan/Desktop/ros2_ws/install/hello_pubsub/lib/hello_pubsub
[2.091s] writing list of installed files to '/home/stefan/Desktop/ros2_ws/build/hello_pubsub/install.log'
[2.204s] Invoked command in '/home/stefan/Desktop/ros2_ws/src/hello_pubsub' returned '0': DEBUGINFOD_URLS=https://debuginfod.ubuntu.com PYTHONPATH=/home/stefan/Desktop/ros2_ws/build/hello_pubsub/prefix_override:/usr/lib/python3/dist-packages/colcon_core/task/python/colcon_distutils_commands:/home/stefan/Desktop/ros2_ws/install/hello_pubsub/lib/python3.12/site-packages:${PYTHONPATH} /usr/bin/python3 -W ignore:setup.py install is deprecated -W ignore:easy_install command is deprecated setup.py egg_info --egg-base ../../build/hello_pubsub build --build-base /home/stefan/Desktop/ros2_ws/build/hello_pubsub/build install --record /home/stefan/Desktop/ros2_ws/build/hello_pubsub/install.log --single-version-externally-managed
