[0.122s] DEBUG:colcon:Command line arguments: ['/usr/bin/colcon', 'build']
[0.122s] DEBUG:colcon:Parsed command line arguments: Namespace(log_base=None, log_level=None, verb_name='build', build_base='build', install_base='install', merge_install=False, symlink_install=False, test_result_base=None, continue_on_error=False, executor='parallel', parallel_workers=4, event_handlers=None, ignore_user_meta=False, metas=['./colcon.meta'], base_paths=['.'], packages_ignore=None, packages_ignore_regex=None, paths=None, packages_up_to=None, packages_up_to_regex=None, packages_above=None, packages_above_and_dependencies=None, packages_above_depth=None, packages_select_by_dep=None, packages_skip_by_dep=None, packages_skip_up_to=None, packages_select_build_failed=False, packages_skip_build_finished=False, packages_select_test_failures=False, packages_skip_test_passed=False, packages_select=None, packages_skip=None, packages_select_regex=None, packages_skip_regex=None, packages_start=None, packages_end=None, cmake_args=None, cmake_target=None, cmake_target_skip_unavailable=False, cmake_clean_cache=False, cmake_clean_first=False, cmake_force_configure=False, ament_cmake_args=None, catkin_cmake_args=None, catkin_skip_building_tests=False, verb_parser=<colcon_defaults.argument_parser.defaults.DefaultArgumentsDecorator object at 0xffff80250dd0>, verb_extension=<colcon_core.verb.build.BuildVerb object at 0xffff80fe9040>, main=<bound method BuildVerb.main of <colcon_core.verb.build.BuildVerb object at 0xffff80fe9040>>)
[0.172s] Level 1:colcon.colcon_core.package_discovery:discover_packages(colcon_meta) check parameters
[0.172s] Level 1:colcon.colcon_core.package_discovery:discover_packages(recursive) check parameters
[0.172s] Level 1:colcon.colcon_core.package_discovery:discover_packages(ignore) check parameters
[0.172s] Level 1:colcon.colcon_core.package_discovery:discover_packages(path) check parameters
[0.172s] Level 1:colcon.colcon_core.package_discovery:discover_packages(colcon_meta) discover
[0.172s] Level 1:colcon.colcon_core.package_discovery:discover_packages(recursive) discover
[0.172s] INFO:colcon.colcon_core.package_discovery:Crawling recursively for packages in '/home/stefan/Desktop/ros2_ws'
[0.172s] Level 1:colcon.colcon_core.package_identification:_identify(.) by extensions ['ignore', 'ignore_ament_install']
[0.172s] Level 1:colcon.colcon_core.package_identification:_identify(.) by extension 'ignore'
[0.172s] Level 1:colcon.colcon_core.package_identification:_identify(.) by extension 'ignore_ament_install'
[0.172s] Level 1:colcon.colcon_core.package_identification:_identify(.) by extensions ['colcon_pkg']
[0.172s] Level 1:colcon.colcon_core.package_identification:_identify(.) by extension 'colcon_pkg'
[0.173s] Level 1:colcon.colcon_core.package_identification:_identify(.) by extensions ['colcon_meta']
[0.173s] Level 1:colcon.colcon_core.package_identification:_identify(.) by extension 'colcon_meta'
[0.173s] Level 1:colcon.colcon_core.package_identification:_identify(.) by extensions ['ros']
[0.173s] Level 1:colcon.colcon_core.package_identification:_identify(.) by extension 'ros'
[0.204s] Level 1:colcon.colcon_core.package_identification:_identify(.) by extensions ['cmake', 'python']
[0.204s] Level 1:colcon.colcon_core.package_identification:_identify(.) by extension 'cmake'
[0.204s] Level 1:colcon.colcon_core.package_identification:_identify(.) by extension 'python'
[0.205s] Level 1:colcon.colcon_core.package_identification:_identify(.) by extensions ['python_setup_py']
[0.205s] Level 1:colcon.colcon_core.package_identification:_identify(.) by extension 'python_setup_py'
[0.205s] Level 1:colcon.colcon_core.package_identification:_identify(build) by extensions ['ignore', 'ignore_ament_install']
[0.205s] Level 1:colcon.colcon_core.package_identification:_identify(build) by extension 'ignore'
[0.205s] Level 1:colcon.colcon_core.package_identification:_identify(build) ignored
[0.205s] Level 1:colcon.colcon_core.package_identification:_identify(install) by extensions ['ignore', 'ignore_ament_install']
[0.205s] Level 1:colcon.colcon_core.package_identification:_identify(install) by extension 'ignore'
[0.205s] Level 1:colcon.colcon_core.package_identification:_identify(install) ignored
[0.205s] Level 1:colcon.colcon_core.package_identification:_identify(log) by extensions ['ignore', 'ignore_ament_install']
[0.205s] Level 1:colcon.colcon_core.package_identification:_identify(log) by extension 'ignore'
[0.205s] Level 1:colcon.colcon_core.package_identification:_identify(log) ignored
[0.206s] Level 1:colcon.colcon_core.package_identification:_identify(raspi_car) by extensions ['ignore', 'ignore_ament_install']
[0.206s] Level 1:colcon.colcon_core.package_identification:_identify(raspi_car) by extension 'ignore'
[0.206s] Level 1:colcon.colcon_core.package_identification:_identify(raspi_car) by extension 'ignore_ament_install'
[0.206s] Level 1:colcon.colcon_core.package_identification:_identify(raspi_car) by extensions ['colcon_pkg']
[0.206s] Level 1:colcon.colcon_core.package_identification:_identify(raspi_car) by extension 'colcon_pkg'
[0.206s] Level 1:colcon.colcon_core.package_identification:_identify(raspi_car) by extensions ['colcon_meta']
[0.206s] Level 1:colcon.colcon_core.package_identification:_identify(raspi_car) by extension 'colcon_meta'
[0.206s] Level 1:colcon.colcon_core.package_identification:_identify(raspi_car) by extensions ['ros']
[0.206s] Level 1:colcon.colcon_core.package_identification:_identify(raspi_car) by extension 'ros'
[0.210s] DEBUG:colcon.colcon_core.package_identification:Package 'raspi_car' with type 'ros.ament_python' and name 'raspi_car'
[0.210s] Level 1:colcon.colcon_core.package_identification:_identify(src) by extensions ['ignore', 'ignore_ament_install']
[0.211s] Level 1:colcon.colcon_core.package_identification:_identify(src) by extension 'ignore'
[0.211s] Level 1:colcon.colcon_core.package_identification:_identify(src) by extension 'ignore_ament_install'
[0.211s] Level 1:colcon.colcon_core.package_identification:_identify(src) by extensions ['colcon_pkg']
[0.211s] Level 1:colcon.colcon_core.package_identification:_identify(src) by extension 'colcon_pkg'
[0.211s] Level 1:colcon.colcon_core.package_identification:_identify(src) by extensions ['colcon_meta']
[0.211s] Level 1:colcon.colcon_core.package_identification:_identify(src) by extension 'colcon_meta'
[0.211s] Level 1:colcon.colcon_core.package_identification:_identify(src) by extensions ['ros']
[0.211s] Level 1:colcon.colcon_core.package_identification:_identify(src) by extension 'ros'
[0.211s] Level 1:colcon.colcon_core.package_identification:_identify(src) by extensions ['cmake', 'python']
[0.211s] Level 1:colcon.colcon_core.package_identification:_identify(src) by extension 'cmake'
[0.211s] Level 1:colcon.colcon_core.package_identification:_identify(src) by extension 'python'
[0.211s] Level 1:colcon.colcon_core.package_identification:_identify(src) by extensions ['python_setup_py']
[0.211s] Level 1:colcon.colcon_core.package_identification:_identify(src) by extension 'python_setup_py'
[0.211s] Level 1:colcon.colcon_core.package_identification:_identify(src/bno055) by extensions ['ignore', 'ignore_ament_install']
[0.211s] Level 1:colcon.colcon_core.package_identification:_identify(src/bno055) by extension 'ignore'
[0.211s] Level 1:colcon.colcon_core.package_identification:_identify(src/bno055) by extension 'ignore_ament_install'
[0.211s] Level 1:colcon.colcon_core.package_identification:_identify(src/bno055) by extensions ['colcon_pkg']
[0.211s] Level 1:colcon.colcon_core.package_identification:_identify(src/bno055) by extension 'colcon_pkg'
[0.211s] Level 1:colcon.colcon_core.package_identification:_identify(src/bno055) by extensions ['colcon_meta']
[0.211s] Level 1:colcon.colcon_core.package_identification:_identify(src/bno055) by extension 'colcon_meta'
[0.211s] Level 1:colcon.colcon_core.package_identification:_identify(src/bno055) by extensions ['ros']
[0.212s] Level 1:colcon.colcon_core.package_identification:_identify(src/bno055) by extension 'ros'
[0.212s] DEBUG:colcon.colcon_core.package_identification:Package 'src/bno055' with type 'ros.ament_python' and name 'bno055'
[0.212s] Level 1:colcon.colcon_core.package_identification:_identify(src/build) by extensions ['ignore', 'ignore_ament_install']
[0.212s] Level 1:colcon.colcon_core.package_identification:_identify(src/build) by extension 'ignore'
[0.212s] Level 1:colcon.colcon_core.package_identification:_identify(src/build) ignored
[0.213s] Level 1:colcon.colcon_core.package_identification:_identify(src/hello_pubsub) by extensions ['ignore', 'ignore_ament_install']
[0.213s] Level 1:colcon.colcon_core.package_identification:_identify(src/hello_pubsub) by extension 'ignore'
[0.213s] Level 1:colcon.colcon_core.package_identification:_identify(src/hello_pubsub) by extension 'ignore_ament_install'
[0.213s] Level 1:colcon.colcon_core.package_identification:_identify(src/hello_pubsub) by extensions ['colcon_pkg']
[0.213s] Level 1:colcon.colcon_core.package_identification:_identify(src/hello_pubsub) by extension 'colcon_pkg'
[0.213s] Level 1:colcon.colcon_core.package_identification:_identify(src/hello_pubsub) by extensions ['colcon_meta']
[0.213s] Level 1:colcon.colcon_core.package_identification:_identify(src/hello_pubsub) by extension 'colcon_meta'
[0.213s] Level 1:colcon.colcon_core.package_identification:_identify(src/hello_pubsub) by extensions ['ros']
[0.213s] Level 1:colcon.colcon_core.package_identification:_identify(src/hello_pubsub) by extension 'ros'
[0.213s] DEBUG:colcon.colcon_core.package_identification:Package 'src/hello_pubsub' with type 'ros.ament_python' and name 'hello_pubsub'
[0.213s] Level 1:colcon.colcon_core.package_identification:_identify(src/install) by extensions ['ignore', 'ignore_ament_install']
[0.213s] Level 1:colcon.colcon_core.package_identification:_identify(src/install) by extension 'ignore'
[0.213s] Level 1:colcon.colcon_core.package_identification:_identify(src/install) ignored
[0.214s] Level 1:colcon.colcon_core.package_identification:_identify(src/log) by extensions ['ignore', 'ignore_ament_install']
[0.214s] Level 1:colcon.colcon_core.package_identification:_identify(src/log) by extension 'ignore'
[0.214s] Level 1:colcon.colcon_core.package_identification:_identify(src/log) ignored
[0.214s] Level 1:colcon.colcon_core.package_discovery:discover_packages(recursive) using defaults
[0.214s] Level 1:colcon.colcon_core.package_discovery:discover_packages(ignore) discover
[0.214s] Level 1:colcon.colcon_core.package_discovery:discover_packages(ignore) using defaults
[0.214s] Level 1:colcon.colcon_core.package_discovery:discover_packages(path) discover
[0.214s] Level 1:colcon.colcon_core.package_discovery:discover_packages(path) using defaults
[0.235s] Level 5:colcon.colcon_core.verb:set package 'bno055' build argument 'cmake_args' from command line to 'None'
[0.235s] Level 5:colcon.colcon_core.verb:set package 'bno055' build argument 'cmake_target' from command line to 'None'
[0.235s] Level 5:colcon.colcon_core.verb:set package 'bno055' build argument 'cmake_target_skip_unavailable' from command line to 'False'
[0.235s] Level 5:colcon.colcon_core.verb:set package 'bno055' build argument 'cmake_clean_cache' from command line to 'False'
[0.235s] Level 5:colcon.colcon_core.verb:set package 'bno055' build argument 'cmake_clean_first' from command line to 'False'
[0.235s] Level 5:colcon.colcon_core.verb:set package 'bno055' build argument 'cmake_force_configure' from command line to 'False'
[0.235s] Level 5:colcon.colcon_core.verb:set package 'bno055' build argument 'ament_cmake_args' from command line to 'None'
[0.235s] Level 5:colcon.colcon_core.verb:set package 'bno055' build argument 'catkin_cmake_args' from command line to 'None'
[0.235s] Level 5:colcon.colcon_core.verb:set package 'bno055' build argument 'catkin_skip_building_tests' from command line to 'False'
[0.236s] DEBUG:colcon.colcon_core.verb:Building package 'bno055' with the following arguments: {'ament_cmake_args': None, 'build_base': '/home/stefan/Desktop/ros2_ws/build/bno055', 'catkin_cmake_args': None, 'catkin_skip_building_tests': False, 'cmake_args': None, 'cmake_clean_cache': False, 'cmake_clean_first': False, 'cmake_force_configure': False, 'cmake_target': None, 'cmake_target_skip_unavailable': False, 'install_base': '/home/stefan/Desktop/ros2_ws/install/bno055', 'merge_install': False, 'path': '/home/stefan/Desktop/ros2_ws/src/bno055', 'symlink_install': False, 'test_result_base': None}
[0.236s] Level 5:colcon.colcon_core.verb:set package 'hello_pubsub' build argument 'cmake_args' from command line to 'None'
[0.236s] Level 5:colcon.colcon_core.verb:set package 'hello_pubsub' build argument 'cmake_target' from command line to 'None'
[0.236s] Level 5:colcon.colcon_core.verb:set package 'hello_pubsub' build argument 'cmake_target_skip_unavailable' from command line to 'False'
[0.236s] Level 5:colcon.colcon_core.verb:set package 'hello_pubsub' build argument 'cmake_clean_cache' from command line to 'False'
[0.236s] Level 5:colcon.colcon_core.verb:set package 'hello_pubsub' build argument 'cmake_clean_first' from command line to 'False'
[0.236s] Level 5:colcon.colcon_core.verb:set package 'hello_pubsub' build argument 'cmake_force_configure' from command line to 'False'
[0.236s] Level 5:colcon.colcon_core.verb:set package 'hello_pubsub' build argument 'ament_cmake_args' from command line to 'None'
[0.236s] Level 5:colcon.colcon_core.verb:set package 'hello_pubsub' build argument 'catkin_cmake_args' from command line to 'None'
[0.236s] Level 5:colcon.colcon_core.verb:set package 'hello_pubsub' build argument 'catkin_skip_building_tests' from command line to 'False'
[0.236s] DEBUG:colcon.colcon_core.verb:Building package 'hello_pubsub' with the following arguments: {'ament_cmake_args': None, 'build_base': '/home/stefan/Desktop/ros2_ws/build/hello_pubsub', 'catkin_cmake_args': None, 'catkin_skip_building_tests': False, 'cmake_args': None, 'cmake_clean_cache': False, 'cmake_clean_first': False, 'cmake_force_configure': False, 'cmake_target': None, 'cmake_target_skip_unavailable': False, 'install_base': '/home/stefan/Desktop/ros2_ws/install/hello_pubsub', 'merge_install': False, 'path': '/home/stefan/Desktop/ros2_ws/src/hello_pubsub', 'symlink_install': False, 'test_result_base': None}
[0.236s] Level 5:colcon.colcon_core.verb:set package 'raspi_car' build argument 'cmake_args' from command line to 'None'
[0.236s] Level 5:colcon.colcon_core.verb:set package 'raspi_car' build argument 'cmake_target' from command line to 'None'
[0.236s] Level 5:colcon.colcon_core.verb:set package 'raspi_car' build argument 'cmake_target_skip_unavailable' from command line to 'False'
[0.236s] Level 5:colcon.colcon_core.verb:set package 'raspi_car' build argument 'cmake_clean_cache' from command line to 'False'
[0.236s] Level 5:colcon.colcon_core.verb:set package 'raspi_car' build argument 'cmake_clean_first' from command line to 'False'
[0.236s] Level 5:colcon.colcon_core.verb:set package 'raspi_car' build argument 'cmake_force_configure' from command line to 'False'
[0.236s] Level 5:colcon.colcon_core.verb:set package 'raspi_car' build argument 'ament_cmake_args' from command line to 'None'
[0.236s] Level 5:colcon.colcon_core.verb:set package 'raspi_car' build argument 'catkin_cmake_args' from command line to 'None'
[0.236s] Level 5:colcon.colcon_core.verb:set package 'raspi_car' build argument 'catkin_skip_building_tests' from command line to 'False'
[0.236s] DEBUG:colcon.colcon_core.verb:Building package 'raspi_car' with the following arguments: {'ament_cmake_args': None, 'build_base': '/home/stefan/Desktop/ros2_ws/build/raspi_car', 'catkin_cmake_args': None, 'catkin_skip_building_tests': False, 'cmake_args': None, 'cmake_clean_cache': False, 'cmake_clean_first': False, 'cmake_force_configure': False, 'cmake_target': None, 'cmake_target_skip_unavailable': False, 'install_base': '/home/stefan/Desktop/ros2_ws/install/raspi_car', 'merge_install': False, 'path': '/home/stefan/Desktop/ros2_ws/raspi_car', 'symlink_install': False, 'test_result_base': None}
[0.237s] INFO:colcon.colcon_core.executor:Executing jobs using 'parallel' executor
[0.238s] DEBUG:colcon.colcon_parallel_executor.executor.parallel:run_until_complete
[0.238s] INFO:colcon.colcon_ros.task.ament_python.build:Building ROS package in '/home/stefan/Desktop/ros2_ws/src/bno055' with build type 'ament_python'
[0.238s] Level 1:colcon.colcon_core.shell:create_environment_hook('bno055', 'ament_prefix_path')
[0.243s] INFO:colcon.colcon_core.plugin_system:Skipping extension 'colcon_core.shell.bat': Not used on non-Windows systems
[0.243s] INFO:colcon.colcon_core.shell:Creating environment descriptor '/home/stefan/Desktop/ros2_ws/install/bno055/share/bno055/hook/ament_prefix_path.dsv'
[0.245s] INFO:colcon.colcon_core.shell:Creating environment hook '/home/stefan/Desktop/ros2_ws/install/bno055/share/bno055/hook/ament_prefix_path.sh'
[0.248s] DEBUG:colcon.colcon_core.shell:Skip shell extension 'dsv' for command environment
[0.253s] INFO:colcon.colcon_ros.task.ament_python.build:Building ROS package in '/home/stefan/Desktop/ros2_ws/src/hello_pubsub' with build type 'ament_python'
[0.254s] Level 1:colcon.colcon_core.shell:create_environment_hook('hello_pubsub', 'ament_prefix_path')
[0.254s] INFO:colcon.colcon_core.shell:Creating environment descriptor '/home/stefan/Desktop/ros2_ws/install/hello_pubsub/share/hello_pubsub/hook/ament_prefix_path.dsv'
[0.255s] INFO:colcon.colcon_core.shell:Creating environment hook '/home/stefan/Desktop/ros2_ws/install/hello_pubsub/share/hello_pubsub/hook/ament_prefix_path.sh'
[0.256s] DEBUG:colcon.colcon_core.shell:Skip shell extension 'dsv' for command environment
[0.264s] INFO:colcon.colcon_ros.task.ament_python.build:Building ROS package in '/home/stefan/Desktop/ros2_ws/raspi_car' with build type 'ament_python'
[0.265s] Level 1:colcon.colcon_core.shell:create_environment_hook('raspi_car', 'ament_prefix_path')
[0.266s] INFO:colcon.colcon_core.shell:Creating environment descriptor '/home/stefan/Desktop/ros2_ws/install/raspi_car/share/raspi_car/hook/ament_prefix_path.dsv'
[0.267s] INFO:colcon.colcon_core.shell:Creating environment hook '/home/stefan/Desktop/ros2_ws/install/raspi_car/share/raspi_car/hook/ament_prefix_path.sh'
[0.268s] DEBUG:colcon.colcon_core.shell:Skip shell extension 'dsv' for command environment
[0.578s] INFO:colcon.colcon_core.task.python.build:Building Python package in '/home/stefan/Desktop/ros2_ws/src/bno055'
[0.579s] DEBUG:colcon.colcon_core.shell:Skip shell extension 'dsv' for command environment
[0.867s] WARNING:colcon.colcon_ros.task.ament_python.build:Package 'hello_pubsub' doesn't explicitly install a marker in the package index (colcon-ros currently does it implicitly but that fallback will be removed in the future)
[0.868s] WARNING:colcon.colcon_ros.task.ament_python.build:Package 'hello_pubsub' doesn't explicitly install the 'package.xml' file (colcon-ros currently does it implicitly but that fallback will be removed in the future)
[0.868s] INFO:colcon.colcon_core.task.python.build:Building Python package in '/home/stefan/Desktop/ros2_ws/src/hello_pubsub'
[0.868s] DEBUG:colcon.colcon_core.shell:Skip shell extension 'dsv' for command environment
[1.275s] INFO:colcon.colcon_core.task.python.build:Building Python package in '/home/stefan/Desktop/ros2_ws/raspi_car'
[1.275s] DEBUG:colcon.colcon_core.shell:Skip shell extension 'dsv' for command environment
[2.502s] DEBUG:colcon.colcon_core.event_handler.log_command:Invoking command in '/home/stefan/Desktop/ros2_ws/raspi_car': DEBUGINFOD_URLS=https://debuginfod.ubuntu.com PYTHONPATH=/home/stefan/Desktop/ros2_ws/build/raspi_car/prefix_override:/usr/lib/python3/dist-packages/colcon_core/task/python/colcon_distutils_commands:/home/stefan/Desktop/ros2_ws/install/raspi_car/lib/python3.12/site-packages:${PYTHONPATH} /usr/bin/python3 -W ignore:setup.py install is deprecated -W ignore:easy_install command is deprecated setup.py egg_info --egg-base ../build/raspi_car build --build-base /home/stefan/Desktop/ros2_ws/build/raspi_car/build install --record /home/stefan/Desktop/ros2_ws/build/raspi_car/install.log --single-version-externally-managed install_data
[2.538s] DEBUG:colcon.colcon_core.event_handler.log_command:Invoking command in '/home/stefan/Desktop/ros2_ws/src/bno055': DEBUGINFOD_URLS=https://debuginfod.ubuntu.com PYTHONPATH=/home/stefan/Desktop/ros2_ws/build/bno055/prefix_override:/usr/lib/python3/dist-packages/colcon_core/task/python/colcon_distutils_commands:/home/stefan/Desktop/ros2_ws/install/bno055/lib/python3.12/site-packages:${PYTHONPATH} /usr/bin/python3 -W ignore:setup.py install is deprecated -W ignore:easy_install command is deprecated setup.py egg_info --egg-base ../../build/bno055 build --build-base /home/stefan/Desktop/ros2_ws/build/bno055/build install --record /home/stefan/Desktop/ros2_ws/build/bno055/install.log --single-version-externally-managed install_data
[2.554s] DEBUG:colcon.colcon_core.event_handler.log_command:Invoking command in '/home/stefan/Desktop/ros2_ws/src/hello_pubsub': DEBUGINFOD_URLS=https://debuginfod.ubuntu.com PYTHONPATH=/home/stefan/Desktop/ros2_ws/build/hello_pubsub/prefix_override:/usr/lib/python3/dist-packages/colcon_core/task/python/colcon_distutils_commands:/home/stefan/Desktop/ros2_ws/install/hello_pubsub/lib/python3.12/site-packages:${PYTHONPATH} /usr/bin/python3 -W ignore:setup.py install is deprecated -W ignore:easy_install command is deprecated setup.py egg_info --egg-base ../../build/hello_pubsub build --build-base /home/stefan/Desktop/ros2_ws/build/hello_pubsub/build install --record /home/stefan/Desktop/ros2_ws/build/hello_pubsub/install.log --single-version-externally-managed
[3.424s] DEBUG:colcon.colcon_core.event_handler.log_command:Invoked command in '/home/stefan/Desktop/ros2_ws/src/hello_pubsub' returned '0': DEBUGINFOD_URLS=https://debuginfod.ubuntu.com PYTHONPATH=/home/stefan/Desktop/ros2_ws/build/hello_pubsub/prefix_override:/usr/lib/python3/dist-packages/colcon_core/task/python/colcon_distutils_commands:/home/stefan/Desktop/ros2_ws/install/hello_pubsub/lib/python3.12/site-packages:${PYTHONPATH} /usr/bin/python3 -W ignore:setup.py install is deprecated -W ignore:easy_install command is deprecated setup.py egg_info --egg-base ../../build/hello_pubsub build --build-base /home/stefan/Desktop/ros2_ws/build/hello_pubsub/build install --record /home/stefan/Desktop/ros2_ws/build/hello_pubsub/install.log --single-version-externally-managed
[3.426s] Level 1:colcon.colcon_core.environment:checking '/home/stefan/Desktop/ros2_ws/install/hello_pubsub' for CMake module files
[3.426s] Level 1:colcon.colcon_core.environment:checking '/home/stefan/Desktop/ros2_ws/install/hello_pubsub' for CMake config files
[3.427s] Level 1:colcon.colcon_core.environment:checking '/home/stefan/Desktop/ros2_ws/install/hello_pubsub/lib'
[3.427s] Level 1:colcon.colcon_core.environment:checking '/home/stefan/Desktop/ros2_ws/install/hello_pubsub/bin'
[3.427s] Level 1:colcon.colcon_core.environment:checking '/home/stefan/Desktop/ros2_ws/install/hello_pubsub/lib/pkgconfig/hello_pubsub.pc'
[3.428s] Level 1:colcon.colcon_core.environment:checking '/home/stefan/Desktop/ros2_ws/install/hello_pubsub/lib/python3.12/site-packages'
[3.428s] Level 1:colcon.colcon_core.shell:create_environment_hook('hello_pubsub', 'pythonpath')
[3.428s] INFO:colcon.colcon_core.shell:Creating environment descriptor '/home/stefan/Desktop/ros2_ws/install/hello_pubsub/share/hello_pubsub/hook/pythonpath.dsv'
[3.429s] INFO:colcon.colcon_core.shell:Creating environment hook '/home/stefan/Desktop/ros2_ws/install/hello_pubsub/share/hello_pubsub/hook/pythonpath.sh'
[3.432s] Level 1:colcon.colcon_core.environment:checking '/home/stefan/Desktop/ros2_ws/install/hello_pubsub/bin'
[3.433s] Level 1:colcon.colcon_core.environment:create_environment_scripts_only(hello_pubsub)
[3.433s] INFO:colcon.colcon_core.shell:Creating package descriptor '/home/stefan/Desktop/ros2_ws/install/hello_pubsub/share/hello_pubsub/package.dsv'
[3.436s] INFO:colcon.colcon_core.shell:Creating package script '/home/stefan/Desktop/ros2_ws/install/hello_pubsub/share/hello_pubsub/package.sh'
[3.438s] INFO:colcon.colcon_core.shell:Creating package script '/home/stefan/Desktop/ros2_ws/install/hello_pubsub/share/hello_pubsub/package.bash'
[3.441s] INFO:colcon.colcon_core.shell:Creating package script '/home/stefan/Desktop/ros2_ws/install/hello_pubsub/share/hello_pubsub/package.zsh'
[3.442s] Level 1:colcon.colcon_core.environment:create_file_with_runtime_dependencies(/home/stefan/Desktop/ros2_ws/install/hello_pubsub/share/colcon-core/packages/hello_pubsub)
[3.444s] Level 1:colcon.colcon_core.environment:checking '/home/stefan/Desktop/ros2_ws/install/raspi_car' for CMake module files
[3.445s] DEBUG:colcon.colcon_core.event_handler.log_command:Invoked command in '/home/stefan/Desktop/ros2_ws/raspi_car' returned '0': DEBUGINFOD_URLS=https://debuginfod.ubuntu.com PYTHONPATH=/home/stefan/Desktop/ros2_ws/build/raspi_car/prefix_override:/usr/lib/python3/dist-packages/colcon_core/task/python/colcon_distutils_commands:/home/stefan/Desktop/ros2_ws/install/raspi_car/lib/python3.12/site-packages:${PYTHONPATH} /usr/bin/python3 -W ignore:setup.py install is deprecated -W ignore:easy_install command is deprecated setup.py egg_info --egg-base ../build/raspi_car build --build-base /home/stefan/Desktop/ros2_ws/build/raspi_car/build install --record /home/stefan/Desktop/ros2_ws/build/raspi_car/install.log --single-version-externally-managed install_data
[3.445s] Level 1:colcon.colcon_core.environment:checking '/home/stefan/Desktop/ros2_ws/install/raspi_car' for CMake config files
[3.446s] Level 1:colcon.colcon_core.environment:checking '/home/stefan/Desktop/ros2_ws/install/raspi_car/lib'
[3.446s] Level 1:colcon.colcon_core.environment:checking '/home/stefan/Desktop/ros2_ws/install/raspi_car/bin'
[3.446s] Level 1:colcon.colcon_core.environment:checking '/home/stefan/Desktop/ros2_ws/install/raspi_car/lib/pkgconfig/raspi_car.pc'
[3.446s] Level 1:colcon.colcon_core.environment:checking '/home/stefan/Desktop/ros2_ws/install/raspi_car/lib/python3.12/site-packages'
[3.447s] Level 1:colcon.colcon_core.shell:create_environment_hook('raspi_car', 'pythonpath')
[3.447s] INFO:colcon.colcon_core.shell:Creating environment descriptor '/home/stefan/Desktop/ros2_ws/install/raspi_car/share/raspi_car/hook/pythonpath.dsv'
[3.447s] INFO:colcon.colcon_core.shell:Creating environment hook '/home/stefan/Desktop/ros2_ws/install/raspi_car/share/raspi_car/hook/pythonpath.sh'
[3.449s] Level 1:colcon.colcon_core.environment:checking '/home/stefan/Desktop/ros2_ws/install/raspi_car/bin'
[3.450s] Level 1:colcon.colcon_core.environment:create_environment_scripts_only(raspi_car)
[3.450s] INFO:colcon.colcon_core.shell:Creating package descriptor '/home/stefan/Desktop/ros2_ws/install/raspi_car/share/raspi_car/package.dsv'
[3.451s] INFO:colcon.colcon_core.shell:Creating package script '/home/stefan/Desktop/ros2_ws/install/raspi_car/share/raspi_car/package.sh'
[3.453s] INFO:colcon.colcon_core.shell:Creating package script '/home/stefan/Desktop/ros2_ws/install/raspi_car/share/raspi_car/package.bash'
[3.456s] INFO:colcon.colcon_core.shell:Creating package script '/home/stefan/Desktop/ros2_ws/install/raspi_car/share/raspi_car/package.zsh'
[3.457s] Level 1:colcon.colcon_core.environment:create_file_with_runtime_dependencies(/home/stefan/Desktop/ros2_ws/install/raspi_car/share/colcon-core/packages/raspi_car)
[3.522s] Level 1:colcon.colcon_core.environment:checking '/home/stefan/Desktop/ros2_ws/install/bno055' for CMake module files
[3.523s] DEBUG:colcon.colcon_core.event_handler.log_command:Invoked command in '/home/stefan/Desktop/ros2_ws/src/bno055' returned '0': DEBUGINFOD_URLS=https://debuginfod.ubuntu.com PYTHONPATH=/home/stefan/Desktop/ros2_ws/build/bno055/prefix_override:/usr/lib/python3/dist-packages/colcon_core/task/python/colcon_distutils_commands:/home/stefan/Desktop/ros2_ws/install/bno055/lib/python3.12/site-packages:${PYTHONPATH} /usr/bin/python3 -W ignore:setup.py install is deprecated -W ignore:easy_install command is deprecated setup.py egg_info --egg-base ../../build/bno055 build --build-base /home/stefan/Desktop/ros2_ws/build/bno055/build install --record /home/stefan/Desktop/ros2_ws/build/bno055/install.log --single-version-externally-managed install_data
[3.523s] Level 1:colcon.colcon_core.environment:checking '/home/stefan/Desktop/ros2_ws/install/bno055' for CMake config files
[3.524s] Level 1:colcon.colcon_core.environment:checking '/home/stefan/Desktop/ros2_ws/install/bno055/lib'
[3.524s] Level 1:colcon.colcon_core.environment:checking '/home/stefan/Desktop/ros2_ws/install/bno055/bin'
[3.524s] Level 1:colcon.colcon_core.environment:checking '/home/stefan/Desktop/ros2_ws/install/bno055/lib/pkgconfig/bno055.pc'
[3.525s] Level 1:colcon.colcon_core.environment:checking '/home/stefan/Desktop/ros2_ws/install/bno055/lib/python3.12/site-packages'
[3.525s] Level 1:colcon.colcon_core.shell:create_environment_hook('bno055', 'pythonpath')
[3.525s] INFO:colcon.colcon_core.shell:Creating environment descriptor '/home/stefan/Desktop/ros2_ws/install/bno055/share/bno055/hook/pythonpath.dsv'
[3.525s] INFO:colcon.colcon_core.shell:Creating environment hook '/home/stefan/Desktop/ros2_ws/install/bno055/share/bno055/hook/pythonpath.sh'
[3.529s] Level 1:colcon.colcon_core.environment:checking '/home/stefan/Desktop/ros2_ws/install/bno055/bin'
[3.529s] Level 1:colcon.colcon_core.environment:create_environment_scripts_only(bno055)
[3.529s] INFO:colcon.colcon_core.shell:Creating package descriptor '/home/stefan/Desktop/ros2_ws/install/bno055/share/bno055/package.dsv'
[3.530s] INFO:colcon.colcon_core.shell:Creating package script '/home/stefan/Desktop/ros2_ws/install/bno055/share/bno055/package.sh'
[3.530s] INFO:colcon.colcon_core.shell:Creating package script '/home/stefan/Desktop/ros2_ws/install/bno055/share/bno055/package.bash'
[3.531s] INFO:colcon.colcon_core.shell:Creating package script '/home/stefan/Desktop/ros2_ws/install/bno055/share/bno055/package.zsh'
[3.532s] Level 1:colcon.colcon_core.environment:create_file_with_runtime_dependencies(/home/stefan/Desktop/ros2_ws/install/bno055/share/colcon-core/packages/bno055)
[3.533s] DEBUG:colcon.colcon_parallel_executor.executor.parallel:closing loop
[3.533s] DEBUG:colcon.colcon_parallel_executor.executor.parallel:loop closed
[3.533s] DEBUG:colcon.colcon_parallel_executor.executor.parallel:run_until_complete finished with '0'
[3.534s] DEBUG:colcon.colcon_core.event_reactor:joining thread
[3.546s] INFO:colcon.colcon_core.plugin_system:Skipping extension 'colcon_notification.desktop_notification.terminal_notifier': Not used on non-Darwin systems
[3.546s] INFO:colcon.colcon_core.plugin_system:Skipping extension 'colcon_notification.desktop_notification.win32': Not used on non-Windows systems
[3.546s] INFO:colcon.colcon_notification.desktop_notification:Sending desktop notification using 'notify2'
[3.556s] DEBUG:colcon.colcon_core.event_reactor:joined thread
[3.556s] INFO:colcon.colcon_core.shell:Creating prefix script '/home/stefan/Desktop/ros2_ws/install/local_setup.sh'
[3.557s] INFO:colcon.colcon_core.shell:Creating prefix util module '/home/stefan/Desktop/ros2_ws/install/_local_setup_util_sh.py'
[3.560s] INFO:colcon.colcon_core.shell:Creating prefix chain script '/home/stefan/Desktop/ros2_ws/install/setup.sh'
[3.562s] INFO:colcon.colcon_core.shell:Creating prefix script '/home/stefan/Desktop/ros2_ws/install/local_setup.bash'
[3.563s] INFO:colcon.colcon_core.shell:Creating prefix chain script '/home/stefan/Desktop/ros2_ws/install/setup.bash'
[3.564s] INFO:colcon.colcon_core.shell:Creating prefix script '/home/stefan/Desktop/ros2_ws/install/local_setup.zsh'
[3.565s] INFO:colcon.colcon_core.shell:Creating prefix chain script '/home/stefan/Desktop/ros2_ws/install/setup.zsh'
