[1.442s] Invoking command in '/home/stefan/Desktop/ros2_ws/raspi_car': DEBUGINFOD_URLS=https://debuginfod.ubuntu.com PYTHONPATH=/home/stefan/Desktop/ros2_ws/build/raspi_car/prefix_override:/usr/lib/python3/dist-packages/colcon_core/task/python/colcon_distutils_commands:/home/stefan/Desktop/ros2_ws/install/raspi_car/lib/python3.12/site-packages:${PYTHONPATH} /usr/bin/python3 -W ignore:setup.py install is deprecated -W ignore:easy_install command is deprecated setup.py egg_info --egg-base ../build/raspi_car build --build-base /home/stefan/Desktop/ros2_ws/build/raspi_car/build install --record /home/stefan/Desktop/ros2_ws/build/raspi_car/install.log --single-version-externally-managed install_data
[1.770s] running egg_info
[1.790s] writing ../build/raspi_car/raspi_car.egg-info/PKG-INFO
[1.791s] writing dependency_links to ../build/raspi_car/raspi_car.egg-info/dependency_links.txt
[1.794s] writing entry points to ../build/raspi_car/raspi_car.egg-info/entry_points.txt
[1.796s] writing requirements to ../build/raspi_car/raspi_car.egg-info/requires.txt
[1.799s] writing top-level names to ../build/raspi_car/raspi_car.egg-info/top_level.txt
[1.846s] reading manifest file '../build/raspi_car/raspi_car.egg-info/SOURCES.txt'
[1.850s] writing manifest file '../build/raspi_car/raspi_car.egg-info/SOURCES.txt'
[1.851s] running build
[1.852s] running build_py
[1.852s] copying raspi_car/led_control.py -> /home/stefan/Desktop/ros2_ws/build/raspi_car/build/lib/raspi_car
[1.852s] running install
[1.862s] running install_lib
[1.885s] copying /home/stefan/Desktop/ros2_ws/build/raspi_car/build/lib/raspi_car/led_control.py -> /home/stefan/Desktop/ros2_ws/install/raspi_car/lib/python3.12/site-packages/raspi_car
[1.886s] byte-compiling /home/stefan/Desktop/ros2_ws/install/raspi_car/lib/python3.12/site-packages/raspi_car/led_control.py to led_control.cpython-312.pyc
[1.905s] running install_data
[1.905s] running install_egg_info
[1.911s] removing '/home/stefan/Desktop/ros2_ws/install/raspi_car/lib/python3.12/site-packages/raspi_car-0.0.0-py3.12.egg-info' (and everything under it)
[1.911s] Copying ../build/raspi_car/raspi_car.egg-info to /home/stefan/Desktop/ros2_ws/install/raspi_car/lib/python3.12/site-packages/raspi_car-0.0.0-py3.12.egg-info
[1.913s] running install_scripts
[2.083s] Installing led_control script to /home/stefan/Desktop/ros2_ws/install/raspi_car/lib/raspi_car
[2.083s] Installing led_service script to /home/stefan/Desktop/ros2_ws/install/raspi_car/lib/raspi_car
[2.086s] Installing motor_node script to /home/stefan/Desktop/ros2_ws/install/raspi_car/lib/raspi_car
[2.089s] writing list of installed files to '/home/stefan/Desktop/ros2_ws/build/raspi_car/install.log'
[2.216s] Invoked command in '/home/stefan/Desktop/ros2_ws/raspi_car' returned '0': DEBUGINFOD_URLS=https://debuginfod.ubuntu.com PYTHONPATH=/home/stefan/Desktop/ros2_ws/build/raspi_car/prefix_override:/usr/lib/python3/dist-packages/colcon_core/task/python/colcon_distutils_commands:/home/stefan/Desktop/ros2_ws/install/raspi_car/lib/python3.12/site-packages:${PYTHONPATH} /usr/bin/python3 -W ignore:setup.py install is deprecated -W ignore:easy_install command is deprecated setup.py egg_info --egg-base ../build/raspi_car build --build-base /home/stefan/Desktop/ros2_ws/build/raspi_car/build install --record /home/stefan/Desktop/ros2_ws/build/raspi_car/install.log --single-version-externally-managed install_data
