running egg_info
creating ../../build/hello_pubsub/hello_pubsub.egg-info
writing ../../build/hello_pubsub/hello_pubsub.egg-info/PKG-INFO
writing dependency_links to ../../build/hello_pubsub/hello_pubsub.egg-info/dependency_links.txt
writing entry points to ../../build/hello_pubsub/hello_pubsub.egg-info/entry_points.txt
writing requirements to ../../build/hello_pubsub/hello_pubsub.egg-info/requires.txt
writing top-level names to ../../build/hello_pubsub/hello_pubsub.egg-info/top_level.txt
writing manifest file '../../build/hello_pubsub/hello_pubsub.egg-info/SOURCES.txt'
reading manifest file '../../build/hello_pubsub/hello_pubsub.egg-info/SOURCES.txt'
writing manifest file '../../build/hello_pubsub/hello_pubsub.egg-info/SOURCES.txt'
running build
running build_py
creating /home/stefan/Desktop/ros2_ws/build/hello_pubsub/build
creating /home/stefan/Desktop/ros2_ws/build/hello_pubsub/build/lib
creating /home/stefan/Desktop/ros2_ws/build/hello_pubsub/build/lib/hello_pubsub
copying hello_pubsub/publisher_node.py -> /home/stefan/Desktop/ros2_ws/build/hello_pubsub/build/lib/hello_pubsub
copying hello_pubsub/__init__.py -> /home/stefan/Desktop/ros2_ws/build/hello_pubsub/build/lib/hello_pubsub
copying hello_pubsub/subscriber_node.py -> /home/stefan/Desktop/ros2_ws/build/hello_pubsub/build/lib/hello_pubsub
running install
running install_lib
creating /home/stefan/Desktop/ros2_ws/install/hello_pubsub/lib/python3.12/site-packages/hello_pubsub
copying /home/stefan/Desktop/ros2_ws/build/hello_pubsub/build/lib/hello_pubsub/publisher_node.py -> /home/stefan/Desktop/ros2_ws/install/hello_pubsub/lib/python3.12/site-packages/hello_pubsub
copying /home/stefan/Desktop/ros2_ws/build/hello_pubsub/build/lib/hello_pubsub/__init__.py -> /home/stefan/Desktop/ros2_ws/install/hello_pubsub/lib/python3.12/site-packages/hello_pubsub
copying /home/stefan/Desktop/ros2_ws/build/hello_pubsub/build/lib/hello_pubsub/subscriber_node.py -> /home/stefan/Desktop/ros2_ws/install/hello_pubsub/lib/python3.12/site-packages/hello_pubsub
byte-compiling /home/stefan/Desktop/ros2_ws/install/hello_pubsub/lib/python3.12/site-packages/hello_pubsub/publisher_node.py to publisher_node.cpython-312.pyc
byte-compiling /home/stefan/Desktop/ros2_ws/install/hello_pubsub/lib/python3.12/site-packages/hello_pubsub/__init__.py to __init__.cpython-312.pyc
byte-compiling /home/stefan/Desktop/ros2_ws/install/hello_pubsub/lib/python3.12/site-packages/hello_pubsub/subscriber_node.py to subscriber_node.cpython-312.pyc
running install_egg_info
Copying ../../build/hello_pubsub/hello_pubsub.egg-info to /home/stefan/Desktop/ros2_ws/install/hello_pubsub/lib/python3.12/site-packages/hello_pubsub-0.0.0-py3.12.egg-info
running install_scripts
Installing publisher script to /home/stefan/Desktop/ros2_ws/install/hello_pubsub/lib/hello_pubsub
Installing subscriber script to /home/stefan/Desktop/ros2_ws/install/hello_pubsub/lib/hello_pubsub
writing list of installed files to '/home/stefan/Desktop/ros2_ws/build/hello_pubsub/install.log'
