[1.388s] Invoking command in '/home/stefan/Desktop/ros2_ws/raspi_car': DEBUGINFOD_URLS=https://debuginfod.ubuntu.com PYTHONPATH=/home/stefan/Desktop/ros2_ws/build/raspi_car/prefix_override:/usr/lib/python3/dist-packages/colcon_core/task/python/colcon_distutils_commands:/home/stefan/Desktop/ros2_ws/install/raspi_car/lib/python3.12/site-packages:${PYTHONPATH} /usr/bin/python3 -W ignore:setup.py install is deprecated -W ignore:easy_install command is deprecated setup.py egg_info --egg-base ../build/raspi_car build --build-base /home/stefan/Desktop/ros2_ws/build/raspi_car/build install --record /home/stefan/Desktop/ros2_ws/build/raspi_car/install.log --single-version-externally-managed install_data
[1.715s] running egg_info
[1.735s] writing ../build/raspi_car/raspi_car.egg-info/PKG-INFO
[1.736s] writing dependency_links to ../build/raspi_car/raspi_car.egg-info/dependency_links.txt
[1.739s] writing entry points to ../build/raspi_car/raspi_car.egg-info/entry_points.txt
[1.739s] writing requirements to ../build/raspi_car/raspi_car.egg-info/requires.txt
[1.740s] writing top-level names to ../build/raspi_car/raspi_car.egg-info/top_level.txt
[1.783s] reading manifest file '../build/raspi_car/raspi_car.egg-info/SOURCES.txt'
[1.787s] writing manifest file '../build/raspi_car/raspi_car.egg-info/SOURCES.txt'
[1.787s] running build
[1.787s] running build_py
[1.787s] copying raspi_car/led_service.py -> /home/stefan/Desktop/ros2_ws/build/raspi_car/build/lib/raspi_car
[1.788s] running install
[1.798s] running install_lib
[1.823s] copying /home/stefan/Desktop/ros2_ws/build/raspi_car/build/lib/raspi_car/led_service.py -> /home/stefan/Desktop/ros2_ws/install/raspi_car/lib/python3.12/site-packages/raspi_car
[1.824s] byte-compiling /home/stefan/Desktop/ros2_ws/install/raspi_car/lib/python3.12/site-packages/raspi_car/led_service.py to led_service.cpython-312.pyc
[1.893s] running install_data
[1.894s] running install_egg_info
[1.894s] removing '/home/stefan/Desktop/ros2_ws/install/raspi_car/lib/python3.12/site-packages/raspi_car-0.0.0-py3.12.egg-info' (and everything under it)
[1.894s] Copying ../build/raspi_car/raspi_car.egg-info to /home/stefan/Desktop/ros2_ws/install/raspi_car/lib/python3.12/site-packages/raspi_car-0.0.0-py3.12.egg-info
[1.897s] running install_scripts
[2.092s] Installing led_service script to /home/stefan/Desktop/ros2_ws/install/raspi_car/lib/raspi_car
[2.092s] Installing motor_node script to /home/stefan/Desktop/ros2_ws/install/raspi_car/lib/raspi_car
[2.093s] writing list of installed files to '/home/stefan/Desktop/ros2_ws/build/raspi_car/install.log'
[2.190s] Invoked command in '/home/stefan/Desktop/ros2_ws/raspi_car' returned '0': DEBUGINFOD_URLS=https://debuginfod.ubuntu.com PYTHONPATH=/home/stefan/Desktop/ros2_ws/build/raspi_car/prefix_override:/usr/lib/python3/dist-packages/colcon_core/task/python/colcon_distutils_commands:/home/stefan/Desktop/ros2_ws/install/raspi_car/lib/python3.12/site-packages:${PYTHONPATH} /usr/bin/python3 -W ignore:setup.py install is deprecated -W ignore:easy_install command is deprecated setup.py egg_info --egg-base ../build/raspi_car build --build-base /home/stefan/Desktop/ros2_ws/build/raspi_car/build install --record /home/stefan/Desktop/ros2_ws/build/raspi_car/install.log --single-version-externally-managed install_data
