[2.230s] Invoking command in '/home/stefan/Desktop/ros2_ws/src/hello_pubsub': DEBUGINFOD_URLS=https://debuginfod.ubuntu.com PYTHONPATH=/home/stefan/Desktop/ros2_ws/build/hello_pubsub/prefix_override:/usr/lib/python3/dist-packages/colcon_core/task/python/colcon_distutils_commands:/home/stefan/Desktop/ros2_ws/install/hello_pubsub/lib/python3.12/site-packages:${PYTHONPATH} /usr/bin/python3 -W ignore:setup.py install is deprecated -W ignore:easy_install command is deprecated setup.py egg_info --egg-base ../../build/hello_pubsub build --build-base /home/stefan/Desktop/ros2_ws/build/hello_pubsub/build install --record /home/stefan/Desktop/ros2_ws/build/hello_pubsub/install.log --single-version-externally-managed
[2.801s] running egg_info
[2.827s] writing ../../build/hello_pubsub/hello_pubsub.egg-info/PKG-INFO
[2.833s] writing dependency_links to ../../build/hello_pubsub/hello_pubsub.egg-info/dependency_links.txt
[2.840s] writing entry points to ../../build/hello_pubsub/hello_pubsub.egg-info/entry_points.txt
[2.849s] writing requirements to ../../build/hello_pubsub/hello_pubsub.egg-info/requires.txt
[2.850s] writing top-level names to ../../build/hello_pubsub/hello_pubsub.egg-info/top_level.txt
[2.899s] reading manifest file '../../build/hello_pubsub/hello_pubsub.egg-info/SOURCES.txt'
[2.903s] writing manifest file '../../build/hello_pubsub/hello_pubsub.egg-info/SOURCES.txt'
[2.905s] running build
[2.905s] running build_py
[2.905s] running install
[2.912s] running install_lib
[2.949s] running install_egg_info
[2.976s] removing '/home/stefan/Desktop/ros2_ws/install/hello_pubsub/lib/python3.12/site-packages/hello_pubsub-0.0.0-py3.12.egg-info' (and everything under it)
[2.976s] Copying ../../build/hello_pubsub/hello_pubsub.egg-info to /home/stefan/Desktop/ros2_ws/install/hello_pubsub/lib/python3.12/site-packages/hello_pubsub-0.0.0-py3.12.egg-info
[2.985s] running install_scripts
[3.238s] Installing hello_publisher script to /home/stefan/Desktop/ros2_ws/install/hello_pubsub/lib/hello_pubsub
[3.239s] Installing hello_subscriber script to /home/stefan/Desktop/ros2_ws/install/hello_pubsub/lib/hello_pubsub
[3.244s] writing list of installed files to '/home/stefan/Desktop/ros2_ws/build/hello_pubsub/install.log'
[3.427s] Invoked command in '/home/stefan/Desktop/ros2_ws/src/hello_pubsub' returned '0': DEBUGINFOD_URLS=https://debuginfod.ubuntu.com PYTHONPATH=/home/stefan/Desktop/ros2_ws/build/hello_pubsub/prefix_override:/usr/lib/python3/dist-packages/colcon_core/task/python/colcon_distutils_commands:/home/stefan/Desktop/ros2_ws/install/hello_pubsub/lib/python3.12/site-packages:${PYTHONPATH} /usr/bin/python3 -W ignore:setup.py install is deprecated -W ignore:easy_install command is deprecated setup.py egg_info --egg-base ../../build/hello_pubsub build --build-base /home/stefan/Desktop/ros2_ws/build/hello_pubsub/build install --record /home/stefan/Desktop/ros2_ws/build/hello_pubsub/install.log --single-version-externally-managed
