[2.139s] Invoking command in '/home/stefan/Desktop/ros2_ws/raspi_car': DEBUGINFOD_URLS=https://debuginfod.ubuntu.com PYTHONPATH=/home/stefan/Desktop/ros2_ws/build/raspi_car/prefix_override:/usr/lib/python3/dist-packages/colcon_core/task/python/colcon_distutils_commands:/home/stefan/Desktop/ros2_ws/install/raspi_car/lib/python3.12/site-packages:${PYTHONPATH} /usr/bin/python3 -W ignore:setup.py install is deprecated -W ignore:easy_install command is deprecated setup.py egg_info --egg-base ../build/raspi_car build --build-base /home/stefan/Desktop/ros2_ws/build/raspi_car/build install --record /home/stefan/Desktop/ros2_ws/build/raspi_car/install.log --single-version-externally-managed install_data
[2.536s] running egg_info
[2.555s] writing ../build/raspi_car/raspi_car.egg-info/PKG-INFO
[2.555s] writing dependency_links to ../build/raspi_car/raspi_car.egg-info/dependency_links.txt
[2.559s] writing entry points to ../build/raspi_car/raspi_car.egg-info/entry_points.txt
[2.559s] writing requirements to ../build/raspi_car/raspi_car.egg-info/requires.txt
[2.560s] writing top-level names to ../build/raspi_car/raspi_car.egg-info/top_level.txt
[2.607s] reading manifest file '../build/raspi_car/raspi_car.egg-info/SOURCES.txt'
[2.608s] writing manifest file '../build/raspi_car/raspi_car.egg-info/SOURCES.txt'
[2.610s] running build
[2.610s] running build_py
[2.610s] copying raspi_car/motor_pid.py -> /home/stefan/Desktop/ros2_ws/build/raspi_car/build/lib/raspi_car
[2.610s] running install
[2.620s] running install_lib
[2.642s] copying /home/stefan/Desktop/ros2_ws/build/raspi_car/build/lib/raspi_car/motor_pid.py -> /home/stefan/Desktop/ros2_ws/install/raspi_car/lib/python3.12/site-packages/raspi_car
[2.643s] byte-compiling /home/stefan/Desktop/ros2_ws/install/raspi_car/lib/python3.12/site-packages/raspi_car/motor_pid.py to motor_pid.cpython-312.pyc
[2.645s] running install_data
[2.648s] running install_egg_info
[2.670s] removing '/home/stefan/Desktop/ros2_ws/install/raspi_car/lib/python3.12/site-packages/raspi_car-0.0.0-py3.12.egg-info' (and everything under it)
[2.670s] Copying ../build/raspi_car/raspi_car.egg-info to /home/stefan/Desktop/ros2_ws/install/raspi_car/lib/python3.12/site-packages/raspi_car-0.0.0-py3.12.egg-info
[2.671s] running install_scripts
[2.849s] Installing led_control script to /home/stefan/Desktop/ros2_ws/install/raspi_car/lib/raspi_car
[2.850s] Installing led_service script to /home/stefan/Desktop/ros2_ws/install/raspi_car/lib/raspi_car
[2.850s] Installing motor_node script to /home/stefan/Desktop/ros2_ws/install/raspi_car/lib/raspi_car
[2.850s] Installing motor_pid script to /home/stefan/Desktop/ros2_ws/install/raspi_car/lib/raspi_car
[2.851s] writing list of installed files to '/home/stefan/Desktop/ros2_ws/build/raspi_car/install.log'
[3.039s] Invoked command in '/home/stefan/Desktop/ros2_ws/raspi_car' returned '0': DEBUGINFOD_URLS=https://debuginfod.ubuntu.com PYTHONPATH=/home/stefan/Desktop/ros2_ws/build/raspi_car/prefix_override:/usr/lib/python3/dist-packages/colcon_core/task/python/colcon_distutils_commands:/home/stefan/Desktop/ros2_ws/install/raspi_car/lib/python3.12/site-packages:${PYTHONPATH} /usr/bin/python3 -W ignore:setup.py install is deprecated -W ignore:easy_install command is deprecated setup.py egg_info --egg-base ../build/raspi_car build --build-base /home/stefan/Desktop/ros2_ws/build/raspi_car/build install --record /home/stefan/Desktop/ros2_ws/build/raspi_car/install.log --single-version-externally-managed install_data
