[3.651s] Invoking command in '/home/stefan/Desktop/ros2_ws/src/hello_pubsub': DEBUGINFOD_URLS=https://debuginfod.ubuntu.com PYTHONPATH=/home/stefan/Desktop/ros2_ws/build/hello_pubsub/prefix_override:/usr/lib/python3/dist-packages/colcon_core/task/python/colcon_distutils_commands:/home/stefan/Desktop/ros2_ws/install/hello_pubsub/lib/python3.12/site-packages:${PYTHONPATH} /usr/bin/python3 -W ignore:setup.py install is deprecated -W ignore:easy_install command is deprecated setup.py egg_info --egg-base ../../build/hello_pubsub build --build-base /home/stefan/Desktop/ros2_ws/build/hello_pubsub/build install --record /home/stefan/Desktop/ros2_ws/build/hello_pubsub/install.log --single-version-externally-managed
[4.006s] running egg_info
[4.026s] writing ../../build/hello_pubsub/hello_pubsub.egg-info/PKG-INFO
[4.027s] writing dependency_links to ../../build/hello_pubsub/hello_pubsub.egg-info/dependency_links.txt
[4.029s] writing entry points to ../../build/hello_pubsub/hello_pubsub.egg-info/entry_points.txt
[4.030s] writing requirements to ../../build/hello_pubsub/hello_pubsub.egg-info/requires.txt
[4.031s] writing top-level names to ../../build/hello_pubsub/hello_pubsub.egg-info/top_level.txt
[4.080s] reading manifest file '../../build/hello_pubsub/hello_pubsub.egg-info/SOURCES.txt'
[4.082s] writing manifest file '../../build/hello_pubsub/hello_pubsub.egg-info/SOURCES.txt'
[4.082s] running build
[4.083s] running build_py
[4.085s] running install
[4.097s] running install_lib
[4.121s] running install_egg_info
[4.171s] removing '/home/stefan/Desktop/ros2_ws/install/hello_pubsub/lib/python3.12/site-packages/hello_pubsub-0.0.0-py3.12.egg-info' (and everything under it)
[4.175s] Copying ../../build/hello_pubsub/hello_pubsub.egg-info to /home/stefan/Desktop/ros2_ws/install/hello_pubsub/lib/python3.12/site-packages/hello_pubsub-0.0.0-py3.12.egg-info
[4.179s] running install_scripts
[4.386s] Installing hello_publisher script to /home/stefan/Desktop/ros2_ws/install/hello_pubsub/lib/hello_pubsub
[4.387s] Installing hello_subscriber script to /home/stefan/Desktop/ros2_ws/install/hello_pubsub/lib/hello_pubsub
[4.390s] writing list of installed files to '/home/stefan/Desktop/ros2_ws/build/hello_pubsub/install.log'
[4.512s] Invoked command in '/home/stefan/Desktop/ros2_ws/src/hello_pubsub' returned '0': DEBUGINFOD_URLS=https://debuginfod.ubuntu.com PYTHONPATH=/home/stefan/Desktop/ros2_ws/build/hello_pubsub/prefix_override:/usr/lib/python3/dist-packages/colcon_core/task/python/colcon_distutils_commands:/home/stefan/Desktop/ros2_ws/install/hello_pubsub/lib/python3.12/site-packages:${PYTHONPATH} /usr/bin/python3 -W ignore:setup.py install is deprecated -W ignore:easy_install command is deprecated setup.py egg_info --egg-base ../../build/hello_pubsub build --build-base /home/stefan/Desktop/ros2_ws/build/hello_pubsub/build install --record /home/stefan/Desktop/ros2_ws/build/hello_pubsub/install.log --single-version-externally-managed
