[2.092s] Invoking command in '/home/stefan/Desktop/ros2_ws/src/hello_pubsub': DEBUGINFOD_URLS=https://debuginfod.ubuntu.com PYTHONPATH=/home/stefan/Desktop/ros2_ws/src/build/hello_pubsub/prefix_override:/usr/lib/python3/dist-packages/colcon_core/task/python/colcon_distutils_commands:/home/stefan/Desktop/ros2_ws/src/install/hello_pubsub/lib/python3.12/site-packages:${PYTHONPATH} /usr/bin/python3 -W ignore:setup.py install is deprecated -W ignore:easy_install command is deprecated setup.py egg_info --egg-base ../build/hello_pubsub build --build-base /home/stefan/Desktop/ros2_ws/src/build/hello_pubsub/build install --record /home/stefan/Desktop/ros2_ws/src/build/hello_pubsub/install.log --single-version-externally-managed
[2.574s] running egg_info
[2.631s] writing ../build/hello_pubsub/hello_pubsub.egg-info/PKG-INFO
[2.632s] writing dependency_links to ../build/hello_pubsub/hello_pubsub.egg-info/dependency_links.txt
[2.636s] writing entry points to ../build/hello_pubsub/hello_pubsub.egg-info/entry_points.txt
[2.637s] writing requirements to ../build/hello_pubsub/hello_pubsub.egg-info/requires.txt
[2.638s] writing top-level names to ../build/hello_pubsub/hello_pubsub.egg-info/top_level.txt
[2.688s] reading manifest file '../build/hello_pubsub/hello_pubsub.egg-info/SOURCES.txt'
[2.693s] writing manifest file '../build/hello_pubsub/hello_pubsub.egg-info/SOURCES.txt'
[2.721s] running build
[2.721s] running build_py
[2.721s] running install
[2.722s] running install_lib
[2.729s] running install_egg_info
[2.766s] removing '/home/stefan/Desktop/ros2_ws/src/install/hello_pubsub/lib/python3.12/site-packages/hello_pubsub-0.0.0-py3.12.egg-info' (and everything under it)
[2.766s] Copying ../build/hello_pubsub/hello_pubsub.egg-info to /home/stefan/Desktop/ros2_ws/src/install/hello_pubsub/lib/python3.12/site-packages/hello_pubsub-0.0.0-py3.12.egg-info
[2.774s] running install_scripts
[3.037s] Installing hello_publisher script to /home/stefan/Desktop/ros2_ws/src/install/hello_pubsub/lib/hello_pubsub
[3.038s] Installing hello_subscriber script to /home/stefan/Desktop/ros2_ws/src/install/hello_pubsub/lib/hello_pubsub
[3.043s] writing list of installed files to '/home/stefan/Desktop/ros2_ws/src/build/hello_pubsub/install.log'
[3.200s] Invoked command in '/home/stefan/Desktop/ros2_ws/src/hello_pubsub' returned '0': DEBUGINFOD_URLS=https://debuginfod.ubuntu.com PYTHONPATH=/home/stefan/Desktop/ros2_ws/src/build/hello_pubsub/prefix_override:/usr/lib/python3/dist-packages/colcon_core/task/python/colcon_distutils_commands:/home/stefan/Desktop/ros2_ws/src/install/hello_pubsub/lib/python3.12/site-packages:${PYTHONPATH} /usr/bin/python3 -W ignore:setup.py install is deprecated -W ignore:easy_install command is deprecated setup.py egg_info --egg-base ../build/hello_pubsub build --build-base /home/stefan/Desktop/ros2_ws/src/build/hello_pubsub/build install --record /home/stefan/Desktop/ros2_ws/src/build/hello_pubsub/install.log --single-version-externally-managed
