[1.217s] Invoking command in '/home/stefan/Desktop/ros2_ws/src/hello_pubsub': DEBUGINFOD_URLS=https://debuginfod.ubuntu.com PYTHONPATH=/home/stefan/Desktop/ros2_ws/src/hello_pubsub/build/hello_pubsub/prefix_override:/usr/lib/python3/dist-packages/colcon_core/task/python/colcon_distutils_commands:/home/stefan/Desktop/ros2_ws/src/hello_pubsub/install/hello_pubsub/lib/python3.12/site-packages:${PYTHONPATH} /usr/bin/python3 -W ignore:setup.py install is deprecated -W ignore:easy_install command is deprecated setup.py egg_info --egg-base build/hello_pubsub build --build-base /home/stefan/Desktop/ros2_ws/src/hello_pubsub/build/hello_pubsub/build install --record /home/stefan/Desktop/ros2_ws/src/hello_pubsub/build/hello_pubsub/install.log --single-version-externally-managed
[1.544s] running egg_info
[1.568s] writing build/hello_pubsub/hello_pubsub.egg-info/PKG-INFO
[1.568s] writing dependency_links to build/hello_pubsub/hello_pubsub.egg-info/dependency_links.txt
[1.573s] writing entry points to build/hello_pubsub/hello_pubsub.egg-info/entry_points.txt
[1.573s] writing requirements to build/hello_pubsub/hello_pubsub.egg-info/requires.txt
[1.576s] writing top-level names to build/hello_pubsub/hello_pubsub.egg-info/top_level.txt
[1.633s] reading manifest file 'build/hello_pubsub/hello_pubsub.egg-info/SOURCES.txt'
[1.634s] writing manifest file 'build/hello_pubsub/hello_pubsub.egg-info/SOURCES.txt'
[1.639s] running build
[1.640s] running build_py
[1.640s] running install
[1.651s] running install_lib
[1.677s] running install_egg_info
[1.702s] removing '/home/stefan/Desktop/ros2_ws/src/hello_pubsub/install/hello_pubsub/lib/python3.12/site-packages/hello_pubsub-0.0.0-py3.12.egg-info' (and everything under it)
[1.703s] Copying build/hello_pubsub/hello_pubsub.egg-info to /home/stefan/Desktop/ros2_ws/src/hello_pubsub/install/hello_pubsub/lib/python3.12/site-packages/hello_pubsub-0.0.0-py3.12.egg-info
[1.710s] running install_scripts
[1.945s] Installing publisher script to /home/stefan/Desktop/ros2_ws/src/hello_pubsub/install/hello_pubsub/lib/hello_pubsub
[1.945s] Installing subscriber script to /home/stefan/Desktop/ros2_ws/src/hello_pubsub/install/hello_pubsub/lib/hello_pubsub
[1.946s] writing list of installed files to '/home/stefan/Desktop/ros2_ws/src/hello_pubsub/build/hello_pubsub/install.log'
[2.032s] Invoked command in '/home/stefan/Desktop/ros2_ws/src/hello_pubsub' returned '0': DEBUGINFOD_URLS=https://debuginfod.ubuntu.com PYTHONPATH=/home/stefan/Desktop/ros2_ws/src/hello_pubsub/build/hello_pubsub/prefix_override:/usr/lib/python3/dist-packages/colcon_core/task/python/colcon_distutils_commands:/home/stefan/Desktop/ros2_ws/src/hello_pubsub/install/hello_pubsub/lib/python3.12/site-packages:${PYTHONPATH} /usr/bin/python3 -W ignore:setup.py install is deprecated -W ignore:easy_install command is deprecated setup.py egg_info --egg-base build/hello_pubsub build --build-base /home/stefan/Desktop/ros2_ws/src/hello_pubsub/build/hello_pubsub/build install --record /home/stefan/Desktop/ros2_ws/src/hello_pubsub/build/hello_pubsub/install.log --single-version-externally-managed
