[0.336s] DEBUG:colcon:Command line arguments: ['/usr/bin/colcon', 'build', '--packages-select', 'bno055']
[0.336s] DEBUG:colcon:Parsed command line arguments: Namespace(log_base=None, log_level=None, verb_name='build', build_base='build', install_base='install', merge_install=False, symlink_install=False, test_result_base=None, continue_on_error=False, executor='parallel', parallel_workers=4, event_handlers=None, ignore_user_meta=False, metas=['./colcon.meta'], base_paths=['.'], packages_ignore=None, packages_ignore_regex=None, paths=None, packages_up_to=None, packages_up_to_regex=None, packages_above=None, packages_above_and_dependencies=None, packages_above_depth=None, packages_select_by_dep=None, packages_skip_by_dep=None, packages_skip_up_to=None, packages_select_build_failed=False, packages_skip_build_finished=False, packages_select_test_failures=False, packages_skip_test_passed=False, packages_select=['bno055'], packages_skip=None, packages_select_regex=None, packages_skip_regex=None, packages_start=None, packages_end=None, cmake_args=None, cmake_target=None, cmake_target_skip_unavailable=False, cmake_clean_cache=False, cmake_clean_first=False, cmake_force_configure=False, ament_cmake_args=None, catkin_cmake_args=None, catkin_skip_building_tests=False, verb_parser=<colcon_defaults.argument_parser.defaults.DefaultArgumentsDecorator object at 0xffff8c450a40>, verb_extension=<colcon_core.verb.build.BuildVerb object at 0xffff8c7fa150>, main=<bound method BuildVerb.main of <colcon_core.verb.build.BuildVerb object at 0xffff8c7fa150>>)
[0.507s] Level 1:colcon.colcon_core.package_discovery:discover_packages(colcon_meta) check parameters
[0.507s] Level 1:colcon.colcon_core.package_discovery:discover_packages(recursive) check parameters
[0.507s] Level 1:colcon.colcon_core.package_discovery:discover_packages(ignore) check parameters
[0.507s] Level 1:colcon.colcon_core.package_discovery:discover_packages(path) check parameters
[0.507s] Level 1:colcon.colcon_core.package_discovery:discover_packages(colcon_meta) discover
[0.507s] Level 1:colcon.colcon_core.package_discovery:discover_packages(recursive) discover
[0.508s] INFO:colcon.colcon_core.package_discovery:Crawling recursively for packages in '/home/stefan/Desktop/ros2_ws/src'
[0.508s] Level 1:colcon.colcon_core.package_identification:_identify(.) by extensions ['ignore', 'ignore_ament_install']
[0.508s] Level 1:colcon.colcon_core.package_identification:_identify(.) by extension 'ignore'
[0.508s] Level 1:colcon.colcon_core.package_identification:_identify(.) by extension 'ignore_ament_install'
[0.508s] Level 1:colcon.colcon_core.package_identification:_identify(.) by extensions ['colcon_pkg']
[0.508s] Level 1:colcon.colcon_core.package_identification:_identify(.) by extension 'colcon_pkg'
[0.508s] Level 1:colcon.colcon_core.package_identification:_identify(.) by extensions ['colcon_meta']
[0.508s] Level 1:colcon.colcon_core.package_identification:_identify(.) by extension 'colcon_meta'
[0.508s] Level 1:colcon.colcon_core.package_identification:_identify(.) by extensions ['ros']
[0.508s] Level 1:colcon.colcon_core.package_identification:_identify(.) by extension 'ros'
[0.566s] Level 1:colcon.colcon_core.package_identification:_identify(.) by extensions ['cmake', 'python']
[0.566s] Level 1:colcon.colcon_core.package_identification:_identify(.) by extension 'cmake'
[0.566s] Level 1:colcon.colcon_core.package_identification:_identify(.) by extension 'python'
[0.566s] Level 1:colcon.colcon_core.package_identification:_identify(.) by extensions ['python_setup_py']
[0.566s] Level 1:colcon.colcon_core.package_identification:_identify(.) by extension 'python_setup_py'
[0.567s] Level 1:colcon.colcon_core.package_identification:_identify(bno055) by extensions ['ignore', 'ignore_ament_install']
[0.567s] Level 1:colcon.colcon_core.package_identification:_identify(bno055) by extension 'ignore'
[0.567s] Level 1:colcon.colcon_core.package_identification:_identify(bno055) by extension 'ignore_ament_install'
[0.567s] Level 1:colcon.colcon_core.package_identification:_identify(bno055) by extensions ['colcon_pkg']
[0.567s] Level 1:colcon.colcon_core.package_identification:_identify(bno055) by extension 'colcon_pkg'
[0.567s] Level 1:colcon.colcon_core.package_identification:_identify(bno055) by extensions ['colcon_meta']
[0.567s] Level 1:colcon.colcon_core.package_identification:_identify(bno055) by extension 'colcon_meta'
[0.567s] Level 1:colcon.colcon_core.package_identification:_identify(bno055) by extensions ['ros']
[0.567s] Level 1:colcon.colcon_core.package_identification:_identify(bno055) by extension 'ros'
[0.574s] DEBUG:colcon.colcon_core.package_identification:Package 'bno055' with type 'ros.ament_python' and name 'bno055'
[0.574s] Level 1:colcon.colcon_core.package_identification:_identify(build) by extensions ['ignore', 'ignore_ament_install']
[0.575s] Level 1:colcon.colcon_core.package_identification:_identify(build) by extension 'ignore'
[0.575s] Level 1:colcon.colcon_core.package_identification:_identify(build) ignored
[0.575s] Level 1:colcon.colcon_core.package_identification:_identify(hello_pubsub) by extensions ['ignore', 'ignore_ament_install']
[0.575s] Level 1:colcon.colcon_core.package_identification:_identify(hello_pubsub) by extension 'ignore'
[0.575s] Level 1:colcon.colcon_core.package_identification:_identify(hello_pubsub) by extension 'ignore_ament_install'
[0.575s] Level 1:colcon.colcon_core.package_identification:_identify(hello_pubsub) by extensions ['colcon_pkg']
[0.575s] Level 1:colcon.colcon_core.package_identification:_identify(hello_pubsub) by extension 'colcon_pkg'
[0.575s] Level 1:colcon.colcon_core.package_identification:_identify(hello_pubsub) by extensions ['colcon_meta']
[0.575s] Level 1:colcon.colcon_core.package_identification:_identify(hello_pubsub) by extension 'colcon_meta'
[0.575s] Level 1:colcon.colcon_core.package_identification:_identify(hello_pubsub) by extensions ['ros']
[0.575s] Level 1:colcon.colcon_core.package_identification:_identify(hello_pubsub) by extension 'ros'
[0.576s] DEBUG:colcon.colcon_core.package_identification:Package 'hello_pubsub' with type 'ros.ament_python' and name 'hello_pubsub'
[0.576s] Level 1:colcon.colcon_core.package_identification:_identify(install) by extensions ['ignore', 'ignore_ament_install']
[0.577s] Level 1:colcon.colcon_core.package_identification:_identify(install) by extension 'ignore'
[0.577s] Level 1:colcon.colcon_core.package_identification:_identify(install) ignored
[0.577s] Level 1:colcon.colcon_core.package_identification:_identify(log) by extensions ['ignore', 'ignore_ament_install']
[0.577s] Level 1:colcon.colcon_core.package_identification:_identify(log) by extension 'ignore'
[0.577s] Level 1:colcon.colcon_core.package_identification:_identify(log) ignored
[0.577s] Level 1:colcon.colcon_core.package_discovery:discover_packages(recursive) using defaults
[0.577s] Level 1:colcon.colcon_core.package_discovery:discover_packages(ignore) discover
[0.577s] Level 1:colcon.colcon_core.package_discovery:discover_packages(ignore) using defaults
[0.577s] Level 1:colcon.colcon_core.package_discovery:discover_packages(path) discover
[0.577s] Level 1:colcon.colcon_core.package_discovery:discover_packages(path) using defaults
[0.608s] INFO:colcon.colcon_core.package_selection:Skipping not selected package 'hello_pubsub' in 'hello_pubsub'
[0.609s] Level 5:colcon.colcon_core.verb:set package 'bno055' build argument 'cmake_args' from command line to 'None'
[0.609s] Level 5:colcon.colcon_core.verb:set package 'bno055' build argument 'cmake_target' from command line to 'None'
[0.609s] Level 5:colcon.colcon_core.verb:set package 'bno055' build argument 'cmake_target_skip_unavailable' from command line to 'False'
[0.609s] Level 5:colcon.colcon_core.verb:set package 'bno055' build argument 'cmake_clean_cache' from command line to 'False'
[0.609s] Level 5:colcon.colcon_core.verb:set package 'bno055' build argument 'cmake_clean_first' from command line to 'False'
[0.609s] Level 5:colcon.colcon_core.verb:set package 'bno055' build argument 'cmake_force_configure' from command line to 'False'
[0.609s] Level 5:colcon.colcon_core.verb:set package 'bno055' build argument 'ament_cmake_args' from command line to 'None'
[0.609s] Level 5:colcon.colcon_core.verb:set package 'bno055' build argument 'catkin_cmake_args' from command line to 'None'
[0.609s] Level 5:colcon.colcon_core.verb:set package 'bno055' build argument 'catkin_skip_building_tests' from command line to 'False'
[0.609s] DEBUG:colcon.colcon_core.verb:Building package 'bno055' with the following arguments: {'ament_cmake_args': None, 'build_base': '/home/stefan/Desktop/ros2_ws/src/build/bno055', 'catkin_cmake_args': None, 'catkin_skip_building_tests': False, 'cmake_args': None, 'cmake_clean_cache': False, 'cmake_clean_first': False, 'cmake_force_configure': False, 'cmake_target': None, 'cmake_target_skip_unavailable': False, 'install_base': '/home/stefan/Desktop/ros2_ws/src/install/bno055', 'merge_install': False, 'path': '/home/stefan/Desktop/ros2_ws/src/bno055', 'symlink_install': False, 'test_result_base': None}
[0.609s] INFO:colcon.colcon_core.executor:Executing jobs using 'parallel' executor
[0.610s] DEBUG:colcon.colcon_parallel_executor.executor.parallel:run_until_complete
[0.611s] INFO:colcon.colcon_ros.task.ament_python.build:Building ROS package in '/home/stefan/Desktop/ros2_ws/src/bno055' with build type 'ament_python'
[0.611s] Level 1:colcon.colcon_core.shell:create_environment_hook('bno055', 'ament_prefix_path')
[0.619s] INFO:colcon.colcon_core.plugin_system:Skipping extension 'colcon_core.shell.bat': Not used on non-Windows systems
[0.620s] INFO:colcon.colcon_core.shell:Creating environment descriptor '/home/stefan/Desktop/ros2_ws/src/install/bno055/share/bno055/hook/ament_prefix_path.dsv'
[0.621s] INFO:colcon.colcon_core.shell:Creating environment hook '/home/stefan/Desktop/ros2_ws/src/install/bno055/share/bno055/hook/ament_prefix_path.sh'
[0.623s] DEBUG:colcon.colcon_core.shell:Skip shell extension 'dsv' for command environment
[1.036s] INFO:colcon.colcon_core.task.python.build:Building Python package in '/home/stefan/Desktop/ros2_ws/src/bno055'
[1.037s] DEBUG:colcon.colcon_core.shell:Skip shell extension 'dsv' for command environment
[2.294s] DEBUG:colcon.colcon_core.event_handler.log_command:Invoking command in '/home/stefan/Desktop/ros2_ws/src/bno055': DEBUGINFOD_URLS=https://debuginfod.ubuntu.com PYTHONPATH=/home/stefan/Desktop/ros2_ws/src/build/bno055/prefix_override:/usr/lib/python3/dist-packages/colcon_core/task/python/colcon_distutils_commands:/home/stefan/Desktop/ros2_ws/src/install/bno055/lib/python3.12/site-packages:${PYTHONPATH} /usr/bin/python3 -W ignore:setup.py install is deprecated -W ignore:easy_install command is deprecated setup.py egg_info --egg-base ../build/bno055 build --build-base /home/stefan/Desktop/ros2_ws/src/build/bno055/build install --record /home/stefan/Desktop/ros2_ws/src/build/bno055/install.log --single-version-externally-managed install_data
[3.372s] DEBUG:colcon.colcon_core.event_handler.log_command:Invoked command in '/home/stefan/Desktop/ros2_ws/src/bno055' returned '0': DEBUGINFOD_URLS=https://debuginfod.ubuntu.com PYTHONPATH=/home/stefan/Desktop/ros2_ws/src/build/bno055/prefix_override:/usr/lib/python3/dist-packages/colcon_core/task/python/colcon_distutils_commands:/home/stefan/Desktop/ros2_ws/src/install/bno055/lib/python3.12/site-packages:${PYTHONPATH} /usr/bin/python3 -W ignore:setup.py install is deprecated -W ignore:easy_install command is deprecated setup.py egg_info --egg-base ../build/bno055 build --build-base /home/stefan/Desktop/ros2_ws/src/build/bno055/build install --record /home/stefan/Desktop/ros2_ws/src/build/bno055/install.log --single-version-externally-managed install_data
[3.381s] Level 1:colcon.colcon_core.environment:checking '/home/stefan/Desktop/ros2_ws/src/install/bno055' for CMake module files
[3.381s] Level 1:colcon.colcon_core.environment:checking '/home/stefan/Desktop/ros2_ws/src/install/bno055' for CMake config files
[3.382s] Level 1:colcon.colcon_core.environment:checking '/home/stefan/Desktop/ros2_ws/src/install/bno055/lib'
[3.383s] Level 1:colcon.colcon_core.environment:checking '/home/stefan/Desktop/ros2_ws/src/install/bno055/bin'
[3.383s] Level 1:colcon.colcon_core.environment:checking '/home/stefan/Desktop/ros2_ws/src/install/bno055/lib/pkgconfig/bno055.pc'
[3.383s] Level 1:colcon.colcon_core.environment:checking '/home/stefan/Desktop/ros2_ws/src/install/bno055/lib/python3.12/site-packages'
[3.383s] Level 1:colcon.colcon_core.shell:create_environment_hook('bno055', 'pythonpath')
[3.383s] INFO:colcon.colcon_core.shell:Creating environment descriptor '/home/stefan/Desktop/ros2_ws/src/install/bno055/share/bno055/hook/pythonpath.dsv'
[3.384s] INFO:colcon.colcon_core.shell:Creating environment hook '/home/stefan/Desktop/ros2_ws/src/install/bno055/share/bno055/hook/pythonpath.sh'
[3.384s] Level 1:colcon.colcon_core.environment:checking '/home/stefan/Desktop/ros2_ws/src/install/bno055/bin'
[3.385s] Level 1:colcon.colcon_core.environment:create_environment_scripts_only(bno055)
[3.385s] INFO:colcon.colcon_core.shell:Creating package descriptor '/home/stefan/Desktop/ros2_ws/src/install/bno055/share/bno055/package.dsv'
[3.386s] INFO:colcon.colcon_core.shell:Creating package script '/home/stefan/Desktop/ros2_ws/src/install/bno055/share/bno055/package.sh'
[3.387s] INFO:colcon.colcon_core.shell:Creating package script '/home/stefan/Desktop/ros2_ws/src/install/bno055/share/bno055/package.bash'
[3.389s] INFO:colcon.colcon_core.shell:Creating package script '/home/stefan/Desktop/ros2_ws/src/install/bno055/share/bno055/package.zsh'
[3.390s] Level 1:colcon.colcon_core.environment:create_file_with_runtime_dependencies(/home/stefan/Desktop/ros2_ws/src/install/bno055/share/colcon-core/packages/bno055)
[3.390s] DEBUG:colcon.colcon_parallel_executor.executor.parallel:closing loop
[3.391s] DEBUG:colcon.colcon_parallel_executor.executor.parallel:loop closed
[3.391s] DEBUG:colcon.colcon_parallel_executor.executor.parallel:run_until_complete finished with '0'
[3.391s] DEBUG:colcon.colcon_core.event_reactor:joining thread
[3.403s] INFO:colcon.colcon_core.plugin_system:Skipping extension 'colcon_notification.desktop_notification.terminal_notifier': Not used on non-Darwin systems
[3.403s] INFO:colcon.colcon_core.plugin_system:Skipping extension 'colcon_notification.desktop_notification.win32': Not used on non-Windows systems
[3.403s] INFO:colcon.colcon_notification.desktop_notification:Sending desktop notification using 'notify2'
[3.444s] DEBUG:colcon.colcon_core.event_reactor:joined thread
[3.444s] INFO:colcon.colcon_core.shell:Creating prefix script '/home/stefan/Desktop/ros2_ws/src/install/local_setup.sh'
[3.447s] INFO:colcon.colcon_core.shell:Creating prefix util module '/home/stefan/Desktop/ros2_ws/src/install/_local_setup_util_sh.py'
[3.449s] INFO:colcon.colcon_core.shell:Creating prefix chain script '/home/stefan/Desktop/ros2_ws/src/install/setup.sh'
[3.451s] INFO:colcon.colcon_core.shell:Creating prefix script '/home/stefan/Desktop/ros2_ws/src/install/local_setup.bash'
[3.452s] INFO:colcon.colcon_core.shell:Creating prefix chain script '/home/stefan/Desktop/ros2_ws/src/install/setup.bash'
[3.454s] INFO:colcon.colcon_core.shell:Creating prefix script '/home/stefan/Desktop/ros2_ws/src/install/local_setup.zsh'
[3.455s] INFO:colcon.colcon_core.shell:Creating prefix chain script '/home/stefan/Desktop/ros2_ws/src/install/setup.zsh'
