[2.247s] Invoking command in '/home/stefan/Desktop/ros2_ws/src/bno055': DEBUGINFOD_URLS=https://debuginfod.ubuntu.com PYTHONPATH=/home/stefan/Desktop/ros2_ws/src/build/bno055/prefix_override:/usr/lib/python3/dist-packages/colcon_core/task/python/colcon_distutils_commands:/home/stefan/Desktop/ros2_ws/src/install/bno055/lib/python3.12/site-packages:${PYTHONPATH} /usr/bin/python3 -W ignore:setup.py install is deprecated -W ignore:easy_install command is deprecated setup.py egg_info --egg-base ../build/bno055 build --build-base /home/stefan/Desktop/ros2_ws/src/build/bno055/build install --record /home/stefan/Desktop/ros2_ws/src/build/bno055/install.log --single-version-externally-managed install_data
[2.756s] running egg_info
[2.805s] writing ../build/bno055/bno055.egg-info/PKG-INFO
[2.805s] writing dependency_links to ../build/bno055/bno055.egg-info/dependency_links.txt
[2.808s] writing entry points to ../build/bno055/bno055.egg-info/entry_points.txt
[2.809s] writing requirements to ../build/bno055/bno055.egg-info/requires.txt
[2.810s] writing top-level names to ../build/bno055/bno055.egg-info/top_level.txt
[2.862s] reading manifest file '../build/bno055/bno055.egg-info/SOURCES.txt'
[2.947s] adding license file 'LICENSE'
[2.947s] adding license file 'AUTHORS'
[2.948s] writing manifest file '../build/bno055/bno055.egg-info/SOURCES.txt'
[2.948s] running build
[2.949s] running build_py
[2.951s] running install
[2.963s] running install_lib
[2.988s] running install_data
[2.988s] running install_egg_info
[3.012s] removing '/home/stefan/Desktop/ros2_ws/src/install/bno055/lib/python3.12/site-packages/bno055-0.5.0-py3.12.egg-info' (and everything under it)
[3.014s] Copying ../build/bno055/bno055.egg-info to /home/stefan/Desktop/ros2_ws/src/install/bno055/lib/python3.12/site-packages/bno055-0.5.0-py3.12.egg-info
[3.014s] running install_scripts
[3.269s] Installing bno055 script to /home/stefan/Desktop/ros2_ws/src/install/bno055/lib/bno055
[3.270s] writing list of installed files to '/home/stefan/Desktop/ros2_ws/src/build/bno055/install.log'
[3.452s] Invoked command in '/home/stefan/Desktop/ros2_ws/src/bno055' returned '0': DEBUGINFOD_URLS=https://debuginfod.ubuntu.com PYTHONPATH=/home/stefan/Desktop/ros2_ws/src/build/bno055/prefix_override:/usr/lib/python3/dist-packages/colcon_core/task/python/colcon_distutils_commands:/home/stefan/Desktop/ros2_ws/src/install/bno055/lib/python3.12/site-packages:${PYTHONPATH} /usr/bin/python3 -W ignore:setup.py install is deprecated -W ignore:easy_install command is deprecated setup.py egg_info --egg-base ../build/bno055 build --build-base /home/stefan/Desktop/ros2_ws/src/build/bno055/build install --record /home/stefan/Desktop/ros2_ws/src/build/bno055/install.log --single-version-externally-managed install_data
