[2.785s] Invoking command in '/home/stefan/Desktop/ros2_ws/raspi_car': DEBUGINFOD_URLS=https://debuginfod.ubuntu.com PYTHONPATH=/home/stefan/Desktop/ros2_ws/build/raspi_car/prefix_override:/usr/lib/python3/dist-packages/colcon_core/task/python/colcon_distutils_commands:/home/stefan/Desktop/ros2_ws/install/raspi_car/lib/python3.12/site-packages:${PYTHONPATH} /usr/bin/python3 -W ignore:setup.py install is deprecated -W ignore:easy_install command is deprecated setup.py egg_info --egg-base ../build/raspi_car build --build-base /home/stefan/Desktop/ros2_ws/build/raspi_car/build install --record /home/stefan/Desktop/ros2_ws/build/raspi_car/install.log --single-version-externally-managed install_data
[3.234s] running egg_info
[3.255s] writing ../build/raspi_car/raspi_car.egg-info/PKG-INFO
[3.255s] writing dependency_links to ../build/raspi_car/raspi_car.egg-info/dependency_links.txt
[3.256s] writing entry points to ../build/raspi_car/raspi_car.egg-info/entry_points.txt
[3.257s] writing requirements to ../build/raspi_car/raspi_car.egg-info/requires.txt
[3.257s] writing top-level names to ../build/raspi_car/raspi_car.egg-info/top_level.txt
[3.304s] reading manifest file '../build/raspi_car/raspi_car.egg-info/SOURCES.txt'
[3.305s] writing manifest file '../build/raspi_car/raspi_car.egg-info/SOURCES.txt'
[3.305s] running build
[3.306s] running build_py
[3.306s] copying raspi_car/led_service.py -> /home/stefan/Desktop/ros2_ws/build/raspi_car/build/lib/raspi_car
[3.307s] running install
[3.316s] running install_lib
[3.338s] copying /home/stefan/Desktop/ros2_ws/build/raspi_car/build/lib/raspi_car/led_service.py -> /home/stefan/Desktop/ros2_ws/install/raspi_car/lib/python3.12/site-packages/raspi_car
[3.339s] byte-compiling /home/stefan/Desktop/ros2_ws/install/raspi_car/lib/python3.12/site-packages/raspi_car/led_service.py to led_service.cpython-312.pyc
[3.340s] running install_data
[3.340s] running install_egg_info
[3.362s] removing '/home/stefan/Desktop/ros2_ws/install/raspi_car/lib/python3.12/site-packages/raspi_car-0.0.0-py3.12.egg-info' (and everything under it)
[3.363s] Copying ../build/raspi_car/raspi_car.egg-info to /home/stefan/Desktop/ros2_ws/install/raspi_car/lib/python3.12/site-packages/raspi_car-0.0.0-py3.12.egg-info
[3.366s] running install_scripts
[3.548s] Installing led_control script to /home/stefan/Desktop/ros2_ws/install/raspi_car/lib/raspi_car
[3.548s] Installing led_service script to /home/stefan/Desktop/ros2_ws/install/raspi_car/lib/raspi_car
[3.551s] Installing motor_node script to /home/stefan/Desktop/ros2_ws/install/raspi_car/lib/raspi_car
[3.552s] writing list of installed files to '/home/stefan/Desktop/ros2_ws/build/raspi_car/install.log'
[3.727s] Invoked command in '/home/stefan/Desktop/ros2_ws/raspi_car' returned '0': DEBUGINFOD_URLS=https://debuginfod.ubuntu.com PYTHONPATH=/home/stefan/Desktop/ros2_ws/build/raspi_car/prefix_override:/usr/lib/python3/dist-packages/colcon_core/task/python/colcon_distutils_commands:/home/stefan/Desktop/ros2_ws/install/raspi_car/lib/python3.12/site-packages:${PYTHONPATH} /usr/bin/python3 -W ignore:setup.py install is deprecated -W ignore:easy_install command is deprecated setup.py egg_info --egg-base ../build/raspi_car build --build-base /home/stefan/Desktop/ros2_ws/build/raspi_car/build install --record /home/stefan/Desktop/ros2_ws/build/raspi_car/install.log --single-version-externally-managed install_data
