[2.053s] Invoking command in '/home/stefan/Desktop/ros2_ws/raspi_car': DEBUGINFOD_URLS=https://debuginfod.ubuntu.com PYTHONPATH=/home/stefan/Desktop/ros2_ws/build/raspi_car/prefix_override:/usr/lib/python3/dist-packages/colcon_core/task/python/colcon_distutils_commands:/home/stefan/Desktop/ros2_ws/install/raspi_car/lib/python3.12/site-packages:${PYTHONPATH} /usr/bin/python3 -W ignore:setup.py install is deprecated -W ignore:easy_install command is deprecated setup.py egg_info --egg-base ../build/raspi_car build --build-base /home/stefan/Desktop/ros2_ws/build/raspi_car/build install --record /home/stefan/Desktop/ros2_ws/build/raspi_car/install.log --single-version-externally-managed install_data
[2.389s] running egg_info
[2.410s] writing ../build/raspi_car/raspi_car.egg-info/PKG-INFO
[2.410s] writing dependency_links to ../build/raspi_car/raspi_car.egg-info/dependency_links.txt
[2.411s] writing entry points to ../build/raspi_car/raspi_car.egg-info/entry_points.txt
[2.412s] writing requirements to ../build/raspi_car/raspi_car.egg-info/requires.txt
[2.412s] writing top-level names to ../build/raspi_car/raspi_car.egg-info/top_level.txt
[2.454s] reading manifest file '../build/raspi_car/raspi_car.egg-info/SOURCES.txt'
[2.458s] writing manifest file '../build/raspi_car/raspi_car.egg-info/SOURCES.txt'
[2.458s] running build
[2.458s] running build_py
[2.458s] running install
[2.466s] running install_lib
[2.489s] running install_data
[2.489s] running install_egg_info
[2.514s] removing '/home/stefan/Desktop/ros2_ws/install/raspi_car/lib/python3.12/site-packages/raspi_car-0.0.0-py3.12.egg-info' (and everything under it)
[2.514s] Copying ../build/raspi_car/raspi_car.egg-info to /home/stefan/Desktop/ros2_ws/install/raspi_car/lib/python3.12/site-packages/raspi_car-0.0.0-py3.12.egg-info
[2.518s] running install_scripts
[2.704s] Installing led_control script to /home/stefan/Desktop/ros2_ws/install/raspi_car/lib/raspi_car
[2.707s] Installing led_service script to /home/stefan/Desktop/ros2_ws/install/raspi_car/lib/raspi_car
[2.707s] Installing motor_node script to /home/stefan/Desktop/ros2_ws/install/raspi_car/lib/raspi_car
[2.708s] writing list of installed files to '/home/stefan/Desktop/ros2_ws/build/raspi_car/install.log'
[3.214s] Invoked command in '/home/stefan/Desktop/ros2_ws/raspi_car' returned '0': DEBUGINFOD_URLS=https://debuginfod.ubuntu.com PYTHONPATH=/home/stefan/Desktop/ros2_ws/build/raspi_car/prefix_override:/usr/lib/python3/dist-packages/colcon_core/task/python/colcon_distutils_commands:/home/stefan/Desktop/ros2_ws/install/raspi_car/lib/python3.12/site-packages:${PYTHONPATH} /usr/bin/python3 -W ignore:setup.py install is deprecated -W ignore:easy_install command is deprecated setup.py egg_info --egg-base ../build/raspi_car build --build-base /home/stefan/Desktop/ros2_ws/build/raspi_car/build install --record /home/stefan/Desktop/ros2_ws/build/raspi_car/install.log --single-version-externally-managed install_data
