[3.657s] Invoking command in '/home/stefan/Desktop/ros2_ws/src/bno055': DEBUGINFOD_URLS=https://debuginfod.ubuntu.com PYTHONPATH=/home/stefan/Desktop/ros2_ws/build/bno055/prefix_override:/usr/lib/python3/dist-packages/colcon_core/task/python/colcon_distutils_commands:/home/stefan/Desktop/ros2_ws/install/bno055/lib/python3.12/site-packages:${PYTHONPATH} /usr/bin/python3 -W ignore:setup.py install is deprecated -W ignore:easy_install command is deprecated setup.py egg_info --egg-base ../../build/bno055 build --build-base /home/stefan/Desktop/ros2_ws/build/bno055/build install --record /home/stefan/Desktop/ros2_ws/build/bno055/install.log --single-version-externally-managed install_data
[4.049s] running egg_info
[4.072s] writing ../../build/bno055/bno055.egg-info/PKG-INFO
[4.073s] writing dependency_links to ../../build/bno055/bno055.egg-info/dependency_links.txt
[4.076s] writing entry points to ../../build/bno055/bno055.egg-info/entry_points.txt
[4.076s] writing requirements to ../../build/bno055/bno055.egg-info/requires.txt
[4.077s] writing top-level names to ../../build/bno055/bno055.egg-info/top_level.txt
[4.131s] reading manifest file '../../build/bno055/bno055.egg-info/SOURCES.txt'
[4.136s] adding license file 'LICENSE'
[4.137s] adding license file 'AUTHORS'
[4.137s] writing manifest file '../../build/bno055/bno055.egg-info/SOURCES.txt'
[4.137s] running build
[4.137s] running build_py
[4.138s] running install
[4.149s] running install_lib
[4.211s] running install_data
[4.211s] running install_egg_info
[4.270s] removing '/home/stefan/Desktop/ros2_ws/install/bno055/lib/python3.12/site-packages/bno055-0.5.0-py3.12.egg-info' (and everything under it)
[4.270s] Copying ../../build/bno055/bno055.egg-info to /home/stefan/Desktop/ros2_ws/install/bno055/lib/python3.12/site-packages/bno055-0.5.0-py3.12.egg-info
[4.274s] running install_scripts
[4.445s] Installing bno055 script to /home/stefan/Desktop/ros2_ws/install/bno055/lib/bno055
[4.446s] Installing bno055_logger script to /home/stefan/Desktop/ros2_ws/install/bno055/lib/bno055
[4.449s] writing list of installed files to '/home/stefan/Desktop/ros2_ws/build/bno055/install.log'
[4.583s] Invoked command in '/home/stefan/Desktop/ros2_ws/src/bno055' returned '0': DEBUGINFOD_URLS=https://debuginfod.ubuntu.com PYTHONPATH=/home/stefan/Desktop/ros2_ws/build/bno055/prefix_override:/usr/lib/python3/dist-packages/colcon_core/task/python/colcon_distutils_commands:/home/stefan/Desktop/ros2_ws/install/bno055/lib/python3.12/site-packages:${PYTHONPATH} /usr/bin/python3 -W ignore:setup.py install is deprecated -W ignore:easy_install command is deprecated setup.py egg_info --egg-base ../../build/bno055 build --build-base /home/stefan/Desktop/ros2_ws/build/bno055/build install --record /home/stefan/Desktop/ros2_ws/build/bno055/install.log --single-version-externally-managed install_data
