[2.152s] Invoking command in '/home/stefan/Desktop/ros2_ws/src/bno055': DEBUGINFOD_URLS=https://debuginfod.ubuntu.com PYTHONPATH=/home/stefan/Desktop/ros2_ws/build/bno055/prefix_override:/usr/lib/python3/dist-packages/colcon_core/task/python/colcon_distutils_commands:/home/stefan/Desktop/ros2_ws/install/bno055/lib/python3.12/site-packages:${PYTHONPATH} /usr/bin/python3 -W ignore:setup.py install is deprecated -W ignore:easy_install command is deprecated setup.py egg_info --egg-base ../../build/bno055 build --build-base /home/stefan/Desktop/ros2_ws/build/bno055/build install --record /home/stefan/Desktop/ros2_ws/build/bno055/install.log --single-version-externally-managed install_data
[2.557s] running egg_info
[2.578s] writing ../../build/bno055/bno055.egg-info/PKG-INFO
[2.578s] writing dependency_links to ../../build/bno055/bno055.egg-info/dependency_links.txt
[2.578s] writing entry points to ../../build/bno055/bno055.egg-info/entry_points.txt
[2.578s] writing requirements to ../../build/bno055/bno055.egg-info/requires.txt
[2.578s] writing top-level names to ../../build/bno055/bno055.egg-info/top_level.txt
[2.626s] reading manifest file '../../build/bno055/bno055.egg-info/SOURCES.txt'
[2.626s] adding license file 'LICENSE'
[2.626s] adding license file 'AUTHORS'
[2.628s] writing manifest file '../../build/bno055/bno055.egg-info/SOURCES.txt'
[2.628s] running build
[2.629s] running build_py
[2.629s] running install
[2.639s] running install_lib
[2.662s] running install_data
[2.663s] running install_egg_info
[2.688s] removing '/home/stefan/Desktop/ros2_ws/install/bno055/lib/python3.12/site-packages/bno055-0.5.0-py3.12.egg-info' (and everything under it)
[2.688s] Copying ../../build/bno055/bno055.egg-info to /home/stefan/Desktop/ros2_ws/install/bno055/lib/python3.12/site-packages/bno055-0.5.0-py3.12.egg-info
[2.690s] running install_scripts
[2.870s] Installing bno055 script to /home/stefan/Desktop/ros2_ws/install/bno055/lib/bno055
[2.871s] Installing bno055_logger script to /home/stefan/Desktop/ros2_ws/install/bno055/lib/bno055
[2.875s] writing list of installed files to '/home/stefan/Desktop/ros2_ws/build/bno055/install.log'
[3.084s] Invoked command in '/home/stefan/Desktop/ros2_ws/src/bno055' returned '0': DEBUGINFOD_URLS=https://debuginfod.ubuntu.com PYTHONPATH=/home/stefan/Desktop/ros2_ws/build/bno055/prefix_override:/usr/lib/python3/dist-packages/colcon_core/task/python/colcon_distutils_commands:/home/stefan/Desktop/ros2_ws/install/bno055/lib/python3.12/site-packages:${PYTHONPATH} /usr/bin/python3 -W ignore:setup.py install is deprecated -W ignore:easy_install command is deprecated setup.py egg_info --egg-base ../../build/bno055 build --build-base /home/stefan/Desktop/ros2_ws/build/bno055/build install --record /home/stefan/Desktop/ros2_ws/build/bno055/install.log --single-version-externally-managed install_data
