[0.356s] DEBUG:colcon:Command line arguments: ['/usr/bin/colcon', 'build']
[0.356s] DEBUG:colcon:Parsed command line arguments: Namespace(log_base=None, log_level=None, verb_name='build', build_base='build', install_base='install', merge_install=False, symlink_install=False, test_result_base=None, continue_on_error=False, executor='parallel', parallel_workers=4, event_handlers=None, ignore_user_meta=False, metas=['./colcon.meta'], base_paths=['.'], packages_ignore=None, packages_ignore_regex=None, paths=None, packages_up_to=None, packages_up_to_regex=None, packages_above=None, packages_above_and_dependencies=None, packages_above_depth=None, packages_select_by_dep=None, packages_skip_by_dep=None, packages_skip_up_to=None, packages_select_build_failed=False, packages_skip_build_finished=False, packages_select_test_failures=False, packages_skip_test_passed=False, packages_select=None, packages_skip=None, packages_select_regex=None, packages_skip_regex=None, packages_start=None, packages_end=None, cmake_args=None, cmake_target=None, cmake_target_skip_unavailable=False, cmake_clean_cache=False, cmake_clean_first=False, cmake_force_configure=False, ament_cmake_args=None, catkin_cmake_args=None, catkin_skip_building_tests=False, verb_parser=<colcon_defaults.argument_parser.defaults.DefaultArgumentsDecorator object at 0xffffa0334230>, verb_extension=<colcon_core.verb.build.BuildVerb object at 0xffffa1156510>, main=<bound method BuildVerb.main of <colcon_core.verb.build.BuildVerb object at 0xffffa1156510>>)
[0.493s] Level 1:colcon.colcon_core.package_discovery:discover_packages(colcon_meta) check parameters
[0.493s] Level 1:colcon.colcon_core.package_discovery:discover_packages(recursive) check parameters
[0.493s] Level 1:colcon.colcon_core.package_discovery:discover_packages(ignore) check parameters
[0.493s] Level 1:colcon.colcon_core.package_discovery:discover_packages(path) check parameters
[0.493s] Level 1:colcon.colcon_core.package_discovery:discover_packages(colcon_meta) discover
[0.493s] Level 1:colcon.colcon_core.package_discovery:discover_packages(recursive) discover
[0.493s] INFO:colcon.colcon_core.package_discovery:Crawling recursively for packages in '/home/stefan/Desktop/ros2_ws'
[0.494s] Level 1:colcon.colcon_core.package_identification:_identify(.) by extensions ['ignore', 'ignore_ament_install']
[0.494s] Level 1:colcon.colcon_core.package_identification:_identify(.) by extension 'ignore'
[0.494s] Level 1:colcon.colcon_core.package_identification:_identify(.) by extension 'ignore_ament_install'
[0.494s] Level 1:colcon.colcon_core.package_identification:_identify(.) by extensions ['colcon_pkg']
[0.494s] Level 1:colcon.colcon_core.package_identification:_identify(.) by extension 'colcon_pkg'
[0.494s] Level 1:colcon.colcon_core.package_identification:_identify(.) by extensions ['colcon_meta']
[0.494s] Level 1:colcon.colcon_core.package_identification:_identify(.) by extension 'colcon_meta'
[0.494s] Level 1:colcon.colcon_core.package_identification:_identify(.) by extensions ['ros']
[0.494s] Level 1:colcon.colcon_core.package_identification:_identify(.) by extension 'ros'
[0.699s] Level 1:colcon.colcon_core.package_identification:_identify(.) by extensions ['cmake', 'python']
[0.700s] Level 1:colcon.colcon_core.package_identification:_identify(.) by extension 'cmake'
[0.700s] Level 1:colcon.colcon_core.package_identification:_identify(.) by extension 'python'
[0.700s] Level 1:colcon.colcon_core.package_identification:_identify(.) by extensions ['python_setup_py']
[0.700s] Level 1:colcon.colcon_core.package_identification:_identify(.) by extension 'python_setup_py'
[0.700s] Level 1:colcon.colcon_core.package_identification:_identify(build) by extensions ['ignore', 'ignore_ament_install']
[0.700s] Level 1:colcon.colcon_core.package_identification:_identify(build) by extension 'ignore'
[0.700s] Level 1:colcon.colcon_core.package_identification:_identify(build) ignored
[0.700s] Level 1:colcon.colcon_core.package_identification:_identify(install) by extensions ['ignore', 'ignore_ament_install']
[0.701s] Level 1:colcon.colcon_core.package_identification:_identify(install) by extension 'ignore'
[0.701s] Level 1:colcon.colcon_core.package_identification:_identify(install) ignored
[0.701s] Level 1:colcon.colcon_core.package_identification:_identify(log) by extensions ['ignore', 'ignore_ament_install']
[0.701s] Level 1:colcon.colcon_core.package_identification:_identify(log) by extension 'ignore'
[0.701s] Level 1:colcon.colcon_core.package_identification:_identify(log) ignored
[0.701s] Level 1:colcon.colcon_core.package_identification:_identify(raspi_car) by extensions ['ignore', 'ignore_ament_install']
[0.701s] Level 1:colcon.colcon_core.package_identification:_identify(raspi_car) by extension 'ignore'
[0.701s] Level 1:colcon.colcon_core.package_identification:_identify(raspi_car) by extension 'ignore_ament_install'
[0.701s] Level 1:colcon.colcon_core.package_identification:_identify(raspi_car) by extensions ['colcon_pkg']
[0.701s] Level 1:colcon.colcon_core.package_identification:_identify(raspi_car) by extension 'colcon_pkg'
[0.701s] Level 1:colcon.colcon_core.package_identification:_identify(raspi_car) by extensions ['colcon_meta']
[0.701s] Level 1:colcon.colcon_core.package_identification:_identify(raspi_car) by extension 'colcon_meta'
[0.702s] Level 1:colcon.colcon_core.package_identification:_identify(raspi_car) by extensions ['ros']
[0.702s] Level 1:colcon.colcon_core.package_identification:_identify(raspi_car) by extension 'ros'
[0.709s] DEBUG:colcon.colcon_core.package_identification:Package 'raspi_car' with type 'ros.ament_python' and name 'raspi_car'
[0.709s] Level 1:colcon.colcon_core.package_identification:_identify(src) by extensions ['ignore', 'ignore_ament_install']
[0.709s] Level 1:colcon.colcon_core.package_identification:_identify(src) by extension 'ignore'
[0.709s] Level 1:colcon.colcon_core.package_identification:_identify(src) by extension 'ignore_ament_install'
[0.709s] Level 1:colcon.colcon_core.package_identification:_identify(src) by extensions ['colcon_pkg']
[0.710s] Level 1:colcon.colcon_core.package_identification:_identify(src) by extension 'colcon_pkg'
[0.710s] Level 1:colcon.colcon_core.package_identification:_identify(src) by extensions ['colcon_meta']
[0.710s] Level 1:colcon.colcon_core.package_identification:_identify(src) by extension 'colcon_meta'
[0.710s] Level 1:colcon.colcon_core.package_identification:_identify(src) by extensions ['ros']
[0.710s] Level 1:colcon.colcon_core.package_identification:_identify(src) by extension 'ros'
[0.710s] Level 1:colcon.colcon_core.package_identification:_identify(src) by extensions ['cmake', 'python']
[0.710s] Level 1:colcon.colcon_core.package_identification:_identify(src) by extension 'cmake'
[0.710s] Level 1:colcon.colcon_core.package_identification:_identify(src) by extension 'python'
[0.710s] Level 1:colcon.colcon_core.package_identification:_identify(src) by extensions ['python_setup_py']
[0.710s] Level 1:colcon.colcon_core.package_identification:_identify(src) by extension 'python_setup_py'
[0.710s] Level 1:colcon.colcon_core.package_discovery:discover_packages(recursive) using defaults
[0.710s] Level 1:colcon.colcon_core.package_discovery:discover_packages(ignore) discover
[0.710s] Level 1:colcon.colcon_core.package_discovery:discover_packages(ignore) using defaults
[0.710s] Level 1:colcon.colcon_core.package_discovery:discover_packages(path) discover
[0.710s] Level 1:colcon.colcon_core.package_discovery:discover_packages(path) using defaults
[0.767s] Level 5:colcon.colcon_core.verb:set package 'raspi_car' build argument 'cmake_args' from command line to 'None'
[0.767s] Level 5:colcon.colcon_core.verb:set package 'raspi_car' build argument 'cmake_target' from command line to 'None'
[0.767s] Level 5:colcon.colcon_core.verb:set package 'raspi_car' build argument 'cmake_target_skip_unavailable' from command line to 'False'
[0.767s] Level 5:colcon.colcon_core.verb:set package 'raspi_car' build argument 'cmake_clean_cache' from command line to 'False'
[0.767s] Level 5:colcon.colcon_core.verb:set package 'raspi_car' build argument 'cmake_clean_first' from command line to 'False'
[0.767s] Level 5:colcon.colcon_core.verb:set package 'raspi_car' build argument 'cmake_force_configure' from command line to 'False'
[0.767s] Level 5:colcon.colcon_core.verb:set package 'raspi_car' build argument 'ament_cmake_args' from command line to 'None'
[0.767s] Level 5:colcon.colcon_core.verb:set package 'raspi_car' build argument 'catkin_cmake_args' from command line to 'None'
[0.767s] Level 5:colcon.colcon_core.verb:set package 'raspi_car' build argument 'catkin_skip_building_tests' from command line to 'False'
[0.767s] DEBUG:colcon.colcon_core.verb:Building package 'raspi_car' with the following arguments: {'ament_cmake_args': None, 'build_base': '/home/stefan/Desktop/ros2_ws/build/raspi_car', 'catkin_cmake_args': None, 'catkin_skip_building_tests': False, 'cmake_args': None, 'cmake_clean_cache': False, 'cmake_clean_first': False, 'cmake_force_configure': False, 'cmake_target': None, 'cmake_target_skip_unavailable': False, 'install_base': '/home/stefan/Desktop/ros2_ws/install/raspi_car', 'merge_install': False, 'path': '/home/stefan/Desktop/ros2_ws/raspi_car', 'symlink_install': False, 'test_result_base': None}
[0.768s] INFO:colcon.colcon_core.executor:Executing jobs using 'parallel' executor
[0.769s] DEBUG:colcon.colcon_parallel_executor.executor.parallel:run_until_complete
[0.770s] INFO:colcon.colcon_ros.task.ament_python.build:Building ROS package in '/home/stefan/Desktop/ros2_ws/raspi_car' with build type 'ament_python'
[0.771s] Level 1:colcon.colcon_core.shell:create_environment_hook('raspi_car', 'ament_prefix_path')
[0.792s] INFO:colcon.colcon_core.plugin_system:Skipping extension 'colcon_core.shell.bat': Not used on non-Windows systems
[0.792s] INFO:colcon.colcon_core.shell:Creating environment descriptor '/home/stefan/Desktop/ros2_ws/install/raspi_car/share/raspi_car/hook/ament_prefix_path.dsv'
[0.794s] INFO:colcon.colcon_core.shell:Creating environment hook '/home/stefan/Desktop/ros2_ws/install/raspi_car/share/raspi_car/hook/ament_prefix_path.sh'
[0.799s] DEBUG:colcon.colcon_core.shell:Skip shell extension 'dsv' for command environment
[1.258s] INFO:colcon.colcon_core.task.python.build:Building Python package in '/home/stefan/Desktop/ros2_ws/raspi_car'
[1.258s] DEBUG:colcon.colcon_core.shell:Skip shell extension 'dsv' for command environment
[2.944s] DEBUG:colcon.colcon_core.event_handler.log_command:Invoking command in '/home/stefan/Desktop/ros2_ws/raspi_car': DEBUGINFOD_URLS=https://debuginfod.ubuntu.com PYTHONPATH=/home/stefan/Desktop/ros2_ws/build/raspi_car/prefix_override:/usr/lib/python3/dist-packages/colcon_core/task/python/colcon_distutils_commands:/home/stefan/Desktop/ros2_ws/install/raspi_car/lib/python3.12/site-packages:${PYTHONPATH} /usr/bin/python3 -W ignore:setup.py install is deprecated -W ignore:easy_install command is deprecated setup.py egg_info --egg-base ../build/raspi_car build --build-base /home/stefan/Desktop/ros2_ws/build/raspi_car/build install --record /home/stefan/Desktop/ros2_ws/build/raspi_car/install.log --single-version-externally-managed install_data
[3.788s] DEBUG:colcon.colcon_core.event_handler.log_command:Invoked command in '/home/stefan/Desktop/ros2_ws/raspi_car' returned '0': DEBUGINFOD_URLS=https://debuginfod.ubuntu.com PYTHONPATH=/home/stefan/Desktop/ros2_ws/build/raspi_car/prefix_override:/usr/lib/python3/dist-packages/colcon_core/task/python/colcon_distutils_commands:/home/stefan/Desktop/ros2_ws/install/raspi_car/lib/python3.12/site-packages:${PYTHONPATH} /usr/bin/python3 -W ignore:setup.py install is deprecated -W ignore:easy_install command is deprecated setup.py egg_info --egg-base ../build/raspi_car build --build-base /home/stefan/Desktop/ros2_ws/build/raspi_car/build install --record /home/stefan/Desktop/ros2_ws/build/raspi_car/install.log --single-version-externally-managed install_data
[3.808s] Level 1:colcon.colcon_core.environment:checking '/home/stefan/Desktop/ros2_ws/install/raspi_car' for CMake module files
[3.809s] Level 1:colcon.colcon_core.environment:checking '/home/stefan/Desktop/ros2_ws/install/raspi_car' for CMake config files
[3.811s] Level 1:colcon.colcon_core.environment:checking '/home/stefan/Desktop/ros2_ws/install/raspi_car/lib'
[3.812s] Level 1:colcon.colcon_core.environment:checking '/home/stefan/Desktop/ros2_ws/install/raspi_car/bin'
[3.812s] Level 1:colcon.colcon_core.environment:checking '/home/stefan/Desktop/ros2_ws/install/raspi_car/lib/pkgconfig/raspi_car.pc'
[3.813s] Level 1:colcon.colcon_core.environment:checking '/home/stefan/Desktop/ros2_ws/install/raspi_car/lib/python3.12/site-packages'
[3.813s] Level 1:colcon.colcon_core.shell:create_environment_hook('raspi_car', 'pythonpath')
[3.814s] INFO:colcon.colcon_core.shell:Creating environment descriptor '/home/stefan/Desktop/ros2_ws/install/raspi_car/share/raspi_car/hook/pythonpath.dsv'
[3.815s] INFO:colcon.colcon_core.shell:Creating environment hook '/home/stefan/Desktop/ros2_ws/install/raspi_car/share/raspi_car/hook/pythonpath.sh'
[3.816s] Level 1:colcon.colcon_core.environment:checking '/home/stefan/Desktop/ros2_ws/install/raspi_car/bin'
[3.816s] Level 1:colcon.colcon_core.environment:create_environment_scripts_only(raspi_car)
[3.816s] INFO:colcon.colcon_core.shell:Creating package descriptor '/home/stefan/Desktop/ros2_ws/install/raspi_car/share/raspi_car/package.dsv'
[3.818s] INFO:colcon.colcon_core.shell:Creating package script '/home/stefan/Desktop/ros2_ws/install/raspi_car/share/raspi_car/package.sh'
[3.820s] INFO:colcon.colcon_core.shell:Creating package script '/home/stefan/Desktop/ros2_ws/install/raspi_car/share/raspi_car/package.bash'
[3.822s] INFO:colcon.colcon_core.shell:Creating package script '/home/stefan/Desktop/ros2_ws/install/raspi_car/share/raspi_car/package.zsh'
[3.825s] Level 1:colcon.colcon_core.environment:create_file_with_runtime_dependencies(/home/stefan/Desktop/ros2_ws/install/raspi_car/share/colcon-core/packages/raspi_car)
[3.825s] DEBUG:colcon.colcon_parallel_executor.executor.parallel:closing loop
[3.826s] DEBUG:colcon.colcon_parallel_executor.executor.parallel:loop closed
[3.826s] DEBUG:colcon.colcon_parallel_executor.executor.parallel:run_until_complete finished with '0'
[3.826s] DEBUG:colcon.colcon_core.event_reactor:joining thread
[3.840s] INFO:colcon.colcon_core.plugin_system:Skipping extension 'colcon_notification.desktop_notification.terminal_notifier': Not used on non-Darwin systems
[3.840s] INFO:colcon.colcon_core.plugin_system:Skipping extension 'colcon_notification.desktop_notification.win32': Not used on non-Windows systems
[3.840s] INFO:colcon.colcon_notification.desktop_notification:Sending desktop notification using 'notify2'
[3.873s] DEBUG:colcon.colcon_core.event_reactor:joined thread
[3.874s] INFO:colcon.colcon_core.shell:Creating prefix script '/home/stefan/Desktop/ros2_ws/install/local_setup.sh'
[3.876s] INFO:colcon.colcon_core.shell:Creating prefix util module '/home/stefan/Desktop/ros2_ws/install/_local_setup_util_sh.py'
[3.879s] INFO:colcon.colcon_core.shell:Creating prefix chain script '/home/stefan/Desktop/ros2_ws/install/setup.sh'
[3.881s] INFO:colcon.colcon_core.shell:Creating prefix script '/home/stefan/Desktop/ros2_ws/install/local_setup.bash'
[3.883s] INFO:colcon.colcon_core.shell:Creating prefix chain script '/home/stefan/Desktop/ros2_ws/install/setup.bash'
[3.885s] INFO:colcon.colcon_core.shell:Creating prefix script '/home/stefan/Desktop/ros2_ws/install/local_setup.zsh'
[3.887s] INFO:colcon.colcon_core.shell:Creating prefix chain script '/home/stefan/Desktop/ros2_ws/install/setup.zsh'
