running egg_info
writing ../../build/bno055/bno055.egg-info/PKG-INFO
writing dependency_links to ../../build/bno055/bno055.egg-info/dependency_links.txt
writing entry points to ../../build/bno055/bno055.egg-info/entry_points.txt
writing requirements to ../../build/bno055/bno055.egg-info/requires.txt
writing top-level names to ../../build/bno055/bno055.egg-info/top_level.txt
reading manifest file '../../build/bno055/bno055.egg-info/SOURCES.txt'
adding license file 'LICENSE'
adding license file 'AUTHORS'
writing manifest file '../../build/bno055/bno055.egg-info/SOURCES.txt'
running build
running build_py
running install
running install_lib
running install_data
copying bno055/params/bno055_params_i2c.yaml -> /home/stefan/Desktop/ros2_ws/install/bno055/share/bno055/config
running install_egg_info
removing '/home/stefan/Desktop/ros2_ws/install/bno055/lib/python3.12/site-packages/bno055-0.5.0-py3.12.egg-info' (and everything under it)
Copying ../../build/bno055/bno055.egg-info to /home/stefan/Desktop/ros2_ws/install/bno055/lib/python3.12/site-packages/bno055-0.5.0-py3.12.egg-info
running install_scripts
Installing bno055 script to /home/stefan/Desktop/ros2_ws/install/bno055/lib/bno055
writing list of installed files to '/home/stefan/Desktop/ros2_ws/build/bno055/install.log'
