[2.181s] Invoking command in '/home/stefan/Desktop/ros2_ws/src/bno055': DEBUGINFOD_URLS=https://debuginfod.ubuntu.com PYTHONPATH=/home/stefan/Desktop/ros2_ws/build/bno055/prefix_override:/usr/lib/python3/dist-packages/colcon_core/task/python/colcon_distutils_commands:/home/stefan/Desktop/ros2_ws/install/bno055/lib/python3.12/site-packages:${PYTHONPATH} /usr/bin/python3 -W ignore:setup.py install is deprecated -W ignore:easy_install command is deprecated setup.py egg_info --egg-base ../../build/bno055 build --build-base /home/stefan/Desktop/ros2_ws/build/bno055/build install --record /home/stefan/Desktop/ros2_ws/build/bno055/install.log --single-version-externally-managed install_data
[2.640s] running egg_info
[2.663s] writing ../../build/bno055/bno055.egg-info/PKG-INFO
[2.664s] writing dependency_links to ../../build/bno055/bno055.egg-info/dependency_links.txt
[2.667s] writing entry points to ../../build/bno055/bno055.egg-info/entry_points.txt
[2.668s] writing requirements to ../../build/bno055/bno055.egg-info/requires.txt
[2.671s] writing top-level names to ../../build/bno055/bno055.egg-info/top_level.txt
[2.715s] reading manifest file '../../build/bno055/bno055.egg-info/SOURCES.txt'
[2.716s] adding license file 'LICENSE'
[2.716s] adding license file 'AUTHORS'
[2.716s] writing manifest file '../../build/bno055/bno055.egg-info/SOURCES.txt'
[2.717s] running build
[2.717s] running build_py
[2.717s] copying bno055/bno055_logger.py -> /home/stefan/Desktop/ros2_ws/build/bno055/build/lib/bno055
[2.719s] running install
[2.727s] running install_lib
[2.761s] copying /home/stefan/Desktop/ros2_ws/build/bno055/build/lib/bno055/bno055_logger.py -> /home/stefan/Desktop/ros2_ws/install/bno055/lib/python3.12/site-packages/bno055
[2.761s] byte-compiling /home/stefan/Desktop/ros2_ws/install/bno055/lib/python3.12/site-packages/bno055/bno055_logger.py to bno055_logger.cpython-312.pyc
[2.762s] running install_data
[2.763s] running install_egg_info
[2.788s] removing '/home/stefan/Desktop/ros2_ws/install/bno055/lib/python3.12/site-packages/bno055-0.5.0-py3.12.egg-info' (and everything under it)
[2.791s] Copying ../../build/bno055/bno055.egg-info to /home/stefan/Desktop/ros2_ws/install/bno055/lib/python3.12/site-packages/bno055-0.5.0-py3.12.egg-info
[2.796s] running install_scripts
[2.982s] Installing bno055 script to /home/stefan/Desktop/ros2_ws/install/bno055/lib/bno055
[2.983s] Installing bno055_logger script to /home/stefan/Desktop/ros2_ws/install/bno055/lib/bno055
[2.986s] writing list of installed files to '/home/stefan/Desktop/ros2_ws/build/bno055/install.log'
[3.125s] Invoked command in '/home/stefan/Desktop/ros2_ws/src/bno055' returned '0': DEBUGINFOD_URLS=https://debuginfod.ubuntu.com PYTHONPATH=/home/stefan/Desktop/ros2_ws/build/bno055/prefix_override:/usr/lib/python3/dist-packages/colcon_core/task/python/colcon_distutils_commands:/home/stefan/Desktop/ros2_ws/install/bno055/lib/python3.12/site-packages:${PYTHONPATH} /usr/bin/python3 -W ignore:setup.py install is deprecated -W ignore:easy_install command is deprecated setup.py egg_info --egg-base ../../build/bno055 build --build-base /home/stefan/Desktop/ros2_ws/build/bno055/build install --record /home/stefan/Desktop/ros2_ws/build/bno055/install.log --single-version-externally-managed install_data
